<?xml version="1.0" encoding="UTF-8"?>
<testsuites name="uji" time="142.158" tests="1" failures="0" errors="0">
   <testsuite name="uji" tests="1" failures="0" errors="0" time="142.158" skipped="0" timestamp="01-02-2024T21:49:12" hostname="niam - zerone" id="Test Suites/uji">
      <properties>
         <property name="deviceName" value=""/>
         <property name="devicePlatform" value=""/>
         <property name="logFolder" value="/media/niam/New Volume1/MATERI/Portfolio/katalon/OrangeHRM_Katalon/Reports/20240201_214904/uji/20240201_214904"/>
         <property name="logFiles" value="/media/niam/New Volume1/MATERI/Portfolio/katalon/OrangeHRM_Katalon/Reports/20240201_214904/uji/20240201_214904/execution0.log"/>
         <property name="attachments" value=""/>
         <property name="hostName" value="niam - zerone"/>
         <property name="os" value="Linux 64bit"/>
         <property name="katalonVersion" value="9.2.0.212"/>
         <property name="browser" value="Chrome 121.0.0.0"/>
         <property name="hostAddress" value="127.0.1.1"/>
         <property name="sessionId" value="650b63d93f0a4b4007fb8911b3a0141a"/>
         <property name="seleniumVersion" value="3.141.59"/>
         <property name="proxyInformation" value="ProxyInformation { proxyOption=NO_PROXY, proxyServerType=HTTP, username=, password=********, proxyServerAddress=, proxyServerPort=0, executionList=&quot;&quot;, isApplyToDesiredCapabilities=true }"/>
         <property name="platform" value="Linux"/>
      </properties>
      <testcase name="Test Cases/Features/Admin/Uji" time="141.729" classname="Test Cases/Features/Admin/Uji" status="PASSED">
         <system-out><![CDATA[01-02-2024T21:49:13 - [TEST_CASE][PASSED] - Test Cases/Features/Admin/Uji: Test Cases/Features/Admin/Uji

01-02-2024T21:49:13 - [TEST_STEP][PASSED] - sample.Login.loginGlobalVariable(): sample.Login.loginGlobalVariable is PASSED

01-02-2024T21:49:17 - [MESSAGE][INFO] - Starting 'Chrome' driver

01-02-2024T21:49:17 - [MESSAGE][INFO] - Action delay is set to 0 milliseconds

01-02-2024T21:49:29 - [MESSAGE][PASSED] - Browser is opened with url: 'https://opensource-demo.orangehrmlive.com/web/index.php/auth/login'

01-02-2024T21:49:29 - [MESSAGE][PASSED] - Wait for page load successfully

01-02-2024T21:49:30 - [MESSAGE][PASSED] - Current window maximized

01-02-2024T21:49:31 - [MESSAGE][PASSED] - Object 'Object Repository/Login Page/h5_Login' is visible

01-02-2024T21:49:31 - [MESSAGE][PASSED] - Keys 'Admin' sent to object: 'Object Repository/Login Page/input_Username_username'

01-02-2024T21:49:32 - [MESSAGE][PASSED] - Keys 'admin123' sent to object: 'Object Repository/Login Page/input_Password_password'

01-02-2024T21:49:32 - [MESSAGE][PASSED] - Object: 'Object Repository/Login Page/button_Login' is clicked on

01-02-2024T21:49:32 - [MESSAGE][PASSED] - sample.Login.loginGlobalVariable is PASSED

01-02-2024T21:49:32 - [TEST_STEP][PASSED] - sample.Admin.accessAdminMenu(): sample.Admin.accessAdminMenu is PASSED

01-02-2024T21:49:50 - [MESSAGE][PASSED] - Object: 'Object Repository/Side Menus/a_Admin' is clicked on

01-02-2024T21:49:56 - [MESSAGE][PASSED] - Object 'Object Repository/Admin Menu/User Management/h5_System Users' is present

01-02-2024T21:49:56 - [MESSAGE][PASSED] - sample.Admin.accessAdminMenu is PASSED

01-02-2024T21:49:56 - [TEST_STEP][PASSED] - sample.Admin.addNewUser("Odis Adalwin", "Jhon Doe", "admin123", "admin123", "Admin", "Enable"): sample.Admin.addNewUser is PASSED

01-02-2024T21:49:58 - [MESSAGE][PASSED] - Object: 'Object Repository/Admin Menu/User Management/Users/button_Add_User' is clicked on

01-02-2024T21:49:59 - [MESSAGE][PASSED] - Object 'Object Repository/Admin Menu/User Management/Users/Add User/h6_Add User' is present

01-02-2024T21:50:30 - [MESSAGE][INFO] - Unable to find the element located by 'By.cssSelector: '. Please recheck the objects properties to make sure the desired element is located. 

01-02-2024T21:50:30 - [MESSAGE][WARNING] - [SELF-HEALING] Failed to find element with id 'Object Repository/Admin Menu/User Management/Users/Add User/dropdown_Roles'. Try using Self-healing.

01-02-2024T21:50:30 - [MESSAGE][WARNING] - [SELF-HEALING] The current locator of test object 'Object Repository/Admin Menu/User Management/Users/Add User/dropdown_Roles' was broken. Propose an alternative one: '//*[@id="app"]/div[1]/div[2]/div[2]/div/div/form/div[1]/div/div[1]/div/div[2]/div/div'.

01-02-2024T21:50:31 - [MESSAGE][PASSED] - Object: 'Object Repository/Admin Menu/User Management/Users/Add User/dropdown_Roles' is clicked on

01-02-2024T21:50:31 - [MESSAGE][PASSED] - Object 'Object Repository/Admin Menu/User Management/Users/Add User/div_Select AdminESS' is visible

01-02-2024T21:50:32 - [MESSAGE][PASSED] - Object: 'Object Repository/Admin Menu/User Management/Users/Add User/div_Admin' is clicked on

01-02-2024T21:50:32 - [MESSAGE][PASSED] - Object: 'Object Repository/Admin Menu/User Management/Users/Add User/dropdown_Statuses' is clicked on

01-02-2024T21:50:33 - [MESSAGE][PASSED] - Object 'Object Repository/Admin Menu/User Management/Users/Add User/div_Select EnabledDisabled' is visible

01-02-2024T21:50:33 - [MESSAGE][PASSED] - Object: 'Object Repository/Admin Menu/User Management/Users/Add User/div_Enabled' is clicked on

01-02-2024T21:50:34 - [MESSAGE][PASSED] - Text 'Odis Adalwin' is set on object 'Object Repository/Admin Menu/User Management/Users/Add User/input_Employee_Name'

01-02-2024T21:50:41 - [MESSAGE][INFO] - Unable to find the element located by 'By.xpath: //*[(text() = '$(employee)' or . = '$(employee)')]'. Please recheck the objects properties to make sure the desired element is located. 

01-02-2024T21:50:41 - [MESSAGE][WARNING] - [SELF-HEALING] Failed to find element with id 'Object Repository/Admin Menu/User Management/Users/Add User/div_Employee Name'. Try using Self-healing.

01-02-2024T21:50:41 - [MESSAGE][WARNING] - [SELF-HEALING] The current locator of test object 'Object Repository/Admin Menu/User Management/Users/Add User/div_Employee Name' was broken. Propose an alternative one: '//div[@id='app']/div/div[2]/div[2]/div/div/form/div/div/div[2]/div/div[2]/div/div[2]/div'.

01-02-2024T21:50:41 - [MESSAGE][PASSED] - Object 'Object Repository/Admin Menu/User Management/Users/Add User/div_Employee Name' is visible

01-02-2024T21:51:12 - [MESSAGE][INFO] - Unable to find the element located by 'By.xpath: //*[(text() = '$(employee)' or . = '$(employee)')]'. Please recheck the objects properties to make sure the desired element is located. 

01-02-2024T21:51:12 - [MESSAGE][WARNING] - [SELF-HEALING] Failed to find element with id 'Object Repository/Admin Menu/User Management/Users/Add User/div_Employee Name'. Try using Self-healing.

01-02-2024T21:51:14 - [MESSAGE][INFO] - Unable to find the element located by 'By.xpath: //div[@id='app']/div/div[2]/div[2]/div/div/form/div/div/div[2]/div/div[2]/div/div[2]/div'. Please recheck the objects properties to make sure the desired element is located. 

01-02-2024T21:51:15 - [MESSAGE][INFO] - Unable to find the element located by 'By.xpath: //div[@id='app']/div/div[2]/div[2]/div/div/form/div/div/div[2]/div/div[2]/div/div[2]/div'. Please recheck the objects properties to make sure the desired element is located. 

01-02-2024T21:51:15 - [MESSAGE][INFO] - [SELF-HEALING] Failed Locator: '//div[@id='app']/div/div[2]/div[2]/div/div/form/div/div/div[2]/div/div[2]/div/div[2]/div'.

01-02-2024T21:51:15 - [MESSAGE][INFO] - [SELF-HEALING] Failed Locator: '//div[2]/div/div[2]/div/div[2]/div'.

01-02-2024T21:51:15 - [MESSAGE][INFO] - [SELF-HEALING] Failed Locator: '//div[(text() = 'Odis  Adalwin' or . = 'Odis  Adalwin')]'.

01-02-2024T21:51:16 - [MESSAGE][INFO] - [SELF-HEALING] Failed Locator: '//div[@id='app']/div/div[2]/div[2]/div/div/form/div/div/div[2]/div/div[2]/div/div[2]/div'.

01-02-2024T21:51:16 - [MESSAGE][INFO] - [SELF-HEALING] Failed Locator: '//div[2]/div/div[2]/div/div[2]/div'.

01-02-2024T21:51:17 - [MESSAGE][INFO] - [SELF-HEALING] Failed Locator: '//div[(text() = 'Odis  Adalwin' or . = 'Odis  Adalwin')]'.

01-02-2024T21:51:18 - [MESSAGE][INFO] - [SELF-HEALING] Screenshot: /media/niam/New Volume1/MATERI/Portfolio/katalon/OrangeHRM_Katalon/Reports/Self-healing/Object Repository/Admin Menu/User Management/Users/Add User/div_Employee Name_CSS.png

01-02-2024T21:51:18 - [MESSAGE][WARNING] - [SELF-HEALING] The current locator of test object 'Object Repository/Admin Menu/User Management/Users/Add User/div_Employee Name' was broken. Propose an alternative one: 'div.oxd-autocomplete-option'.

01-02-2024T21:51:18 - [MESSAGE][PASSED] - Object: 'Object Repository/Admin Menu/User Management/Users/Add User/div_Employee Name' is clicked on

01-02-2024T21:51:19 - [MESSAGE][PASSED] - Keys 'Jhon Doe' sent to object: 'Object Repository/Admin Menu/User Management/Users/Add User/input_Username'

01-02-2024T21:51:19 - [MESSAGE][PASSED] - Keys 'admin123' sent to object: 'Object Repository/Admin Menu/User Management/Users/Add User/input_Password'

01-02-2024T21:51:21 - [MESSAGE][PASSED] - Keys 'admin123' sent to object: 'Object Repository/Admin Menu/User Management/Users/Add User/input_Confirm Password'

01-02-2024T21:51:21 - [MESSAGE][PASSED] - Object: 'Object Repository/Admin Menu/User Management/Users/Add User/button_Save' is clicked on

01-02-2024T21:51:34 - [MESSAGE][PASSED] - Object 'Object Repository/Admin Menu/User Management/Users/Add User/popup_SuccessSuccessfully Saved' is visible

01-02-2024T21:51:34 - [MESSAGE][PASSED] - sample.Admin.addNewUser is PASSED

01-02-2024T21:51:34 - [TEST_STEP][PASSED] - closeBrowser(): Browser is closed

01-02-2024T21:51:34 - [MESSAGE][PASSED] - Browser is closed]]></system-out>
         <system-err><![CDATA[]]></system-err>
      </testcase>
      <system-out><![CDATA[01-02-2024T21:49:12 - [TEST_SUITE][PASSED] - uji: Test Cases/Features/Admin/Uji]]></system-out>
      <system-err><![CDATA[]]></system-err>
   </testsuite>
</testsuites>
