<?xml version="1.0" encoding="UTF-8"?>
<testsuites name="TS_001_Login" time="71.57" tests="4" failures="0" errors="0">
   <testsuite name="TS_001_Login" tests="4" failures="0" errors="0" time="71.57" skipped="0" timestamp="05-03-2024T23:28:03" hostname="niam - zerone" id="Test Suites/TS_001_Login">
      <properties>
         <property name="deviceName" value=""/>
         <property name="devicePlatform" value=""/>
         <property name="logFolder" value="/media/niam/New Volume1/MATERI/Portfolio/katalon/OrangeHRM_Katalon/Reports/20240305_232749/TS_001_Login/20240305_232751"/>
         <property name="logFiles" value="/media/niam/New Volume1/MATERI/Portfolio/katalon/OrangeHRM_Katalon/Reports/20240305_232749/TS_001_Login/20240305_232751/execution0.log"/>
         <property name="attachments" value=""/>
         <property name="hostName" value="niam - zerone"/>
         <property name="os" value="Linux 64bit"/>
         <property name="katalonVersion" value="9.3.1.212"/>
         <property name="browser" value="Edge Chromium 123"/>
         <property name="hostAddress" value="127.0.1.1"/>
         <property name="sessionId" value="7fb5c7319454ec75a93076850dad584c"/>
         <property name="seleniumVersion" value="3.141.59"/>
         <property name="proxyInformation" value="ProxyInformation { proxyOption=NO_PROXY, proxyServerType=HTTP, username=, password=********, proxyServerAddress=, proxyServerPort=0, executionList=&quot;&quot;, isApplyToDesiredCapabilities=true }"/>
         <property name="platform" value="Linux"/>
      </properties>
      <testcase name="Test Cases/Features/Login/TC_Login_001_Valid Admin" time="34.67" classname="Test Cases/Features/Login/TC_Login_001_Valid Admin" status="PASSED">
         <system-out><![CDATA[05-03-2024T23:28:03 - [TEST_CASE][PASSED] - Test Cases/Features/Login/TC_Login_001_Valid Admin: Test Cases/Features/Login/TC_Login_001_Valid Admin

05-03-2024T23:28:04 - [TEST_STEP][PASSED] - features.Login.loginGlobalVariable(): features.Login.loginGlobalVariable is PASSED

05-03-2024T23:28:07 - [MESSAGE][INFO] - Starting 'Edge Chromium' driver

05-03-2024T23:28:08 - [MESSAGE][INFO] - Action delay is set to 0 milliseconds

05-03-2024T23:28:21 - [MESSAGE][PASSED] - Browser is opened with url: 'https://opensource-demo.orangehrmlive.com/web/index.php/auth/login'

05-03-2024T23:28:22 - [MESSAGE][PASSED] - Wait for page load successfully

05-03-2024T23:28:22 - [MESSAGE][PASSED] - Current window maximized

05-03-2024T23:28:24 - [MESSAGE][PASSED] - Object 'Object Repository/Login Page/h5_Login' is visible

05-03-2024T23:28:24 - [MESSAGE][PASSED] - Keys 'Admin' sent to object: 'Object Repository/Login Page/input_Username'

05-03-2024T23:28:25 - [MESSAGE][PASSED] - Keys 'admin123' sent to object: 'Object Repository/Login Page/input_Password'

05-03-2024T23:28:26 - [MESSAGE][PASSED] - Object: 'Object Repository/Login Page/button_Login' is clicked on

05-03-2024T23:28:33 - [MESSAGE][INFO] - Unable to find the element located by 'By.xpath: //div[@id='app']/div/div[2]/div[2]/div/div/div/div/h5'. Please recheck the objects properties to make sure the desired element is located. 

05-03-2024T23:28:33 - [MESSAGE][WARNING] - [SELF-HEALING] Failed to find element with id 'Object Repository/Admin Menu/User Management/h5_System Users'. Try using Self-healing.

05-03-2024T23:28:33 - [MESSAGE][INFO] - [SELF-HEALING] Failed Locator: '//div[@id='app']/div/div[2]/div[2]/div/div/div/div/h5'.

05-03-2024T23:28:34 - [MESSAGE][INFO] - [SELF-HEALING] Failed Locator: '//h5'.

05-03-2024T23:28:34 - [MESSAGE][INFO] - [SELF-HEALING] Failed Locator: '//h5[(text() = 'System Users' or . = 'System Users')]'.

05-03-2024T23:28:34 - [MESSAGE][INFO] - [SELF-HEALING] Failed Locator: '//div[@id='app']/div/div[2]/div[2]/div/div/div/div/h5'.

05-03-2024T23:28:34 - [MESSAGE][INFO] - [SELF-HEALING] Failed Locator: '//h5'.

05-03-2024T23:28:35 - [MESSAGE][INFO] - [SELF-HEALING] Failed Locator: '//h5[(text() = 'System Users' or . = 'System Users')]'.

05-03-2024T23:28:37 - [MESSAGE][INFO] - Unable to find the element located by 'By.xpath: //*[(text() = 'System Users' or . = 'System Users')]'. Please recheck the objects properties to make sure the desired element is located. 

05-03-2024T23:28:38 - [MESSAGE][INFO] - Unable to find the element located by 'By.cssSelector: h5.oxd-text.oxd-text--h5.oxd-table-filter-title'. Please recheck the objects properties to make sure the desired element is located. 

05-03-2024T23:28:38 - [MESSAGE][WARNING] - Object 'Object Repository/Admin Menu/User Management/h5_System Users' is not present after 5 second(s)

05-03-2024T23:28:38 - [MESSAGE][PASSED] - features.Login.loginGlobalVariable is PASSED]]></system-out>
         <system-err><![CDATA[]]></system-err>
      </testcase>
      <testcase name="Test Cases/Features/Login/TC_Login_002_Invalid Credentials" time="12.934" classname="Test Cases/Features/Login/TC_Login_002_Invalid Credentials" status="PASSED">
         <system-out><![CDATA[05-03-2024T23:28:38 - [TEST_CASE][PASSED] - Test Cases/Features/Login/TC_Login_002_Invalid Credentials: Test Cases/Features/Login/TC_Login_002_Invalid Credentials

05-03-2024T23:28:39 - [TEST_STEP][PASSED] - features.Login.login(BASE_URL, "random user", "random pass"): features.Login.login is PASSED

05-03-2024T23:28:39 - [MESSAGE][WARNING] - A browser is already opened. Closing browser and opening a new one

05-03-2024T23:28:39 - [MESSAGE][INFO] - Starting 'Edge Chromium' driver

05-03-2024T23:28:39 - [MESSAGE][INFO] - Action delay is set to 0 milliseconds

05-03-2024T23:28:46 - [MESSAGE][PASSED] - Browser is opened with url: 'https://opensource-demo.orangehrmlive.com/web/index.php/auth/login'

05-03-2024T23:28:46 - [MESSAGE][PASSED] - Wait for page load successfully

05-03-2024T23:28:47 - [MESSAGE][PASSED] - Current window maximized

05-03-2024T23:28:48 - [MESSAGE][PASSED] - Object 'Object Repository/Login Page/h5_Login' is visible

05-03-2024T23:28:48 - [MESSAGE][PASSED] - Keys 'random user' sent to object: 'Object Repository/Login Page/input_Username'

05-03-2024T23:28:49 - [MESSAGE][PASSED] - Keys 'random pass' sent to object: 'Object Repository/Login Page/input_Password'

05-03-2024T23:28:49 - [MESSAGE][PASSED] - Object: 'Object Repository/Login Page/button_Login' is clicked on

05-03-2024T23:28:49 - [MESSAGE][PASSED] - features.Login.login is PASSED

05-03-2024T23:28:49 - [TEST_STEP][PASSED] - verifyElementVisible(findTestObject("Login Page/div_Error Invalid Credential")): Object 'Object Repository/Login Page/div_Error Invalid Credential' is visible

05-03-2024T23:28:51 - [MESSAGE][PASSED] - Object 'Object Repository/Login Page/div_Error Invalid Credential' is visible]]></system-out>
         <system-err><![CDATA[]]></system-err>
      </testcase>
      <testcase name="Test Cases/Features/Login/TC_Login_003_WIthout Password" time="10.897" classname="Test Cases/Features/Login/TC_Login_003_WIthout Password" status="PASSED">
         <system-out><![CDATA[05-03-2024T23:28:52 - [TEST_CASE][PASSED] - Test Cases/Features/Login/TC_Login_003_WIthout Password: Test Cases/Features/Login/TC_Login_003_WIthout Password

05-03-2024T23:28:52 - [TEST_STEP][PASSED] - features.Login.login(BASE_URL, G_USERNAME, ""): features.Login.login is PASSED

05-03-2024T23:28:52 - [MESSAGE][WARNING] - A browser is already opened. Closing browser and opening a new one

05-03-2024T23:28:52 - [MESSAGE][INFO] - Starting 'Edge Chromium' driver

05-03-2024T23:28:52 - [MESSAGE][INFO] - Action delay is set to 0 milliseconds

05-03-2024T23:28:59 - [MESSAGE][PASSED] - Browser is opened with url: 'https://opensource-demo.orangehrmlive.com/web/index.php/auth/login'

05-03-2024T23:28:59 - [MESSAGE][PASSED] - Wait for page load successfully

05-03-2024T23:28:59 - [MESSAGE][PASSED] - Current window maximized

05-03-2024T23:29:00 - [MESSAGE][PASSED] - Object 'Object Repository/Login Page/h5_Login' is visible

05-03-2024T23:29:01 - [MESSAGE][PASSED] - Keys 'Admin' sent to object: 'Object Repository/Login Page/input_Username'

05-03-2024T23:29:01 - [MESSAGE][PASSED] - Keys '' sent to object: 'Object Repository/Login Page/input_Password'

05-03-2024T23:29:02 - [MESSAGE][PASSED] - Object: 'Object Repository/Login Page/button_Login' is clicked on

05-03-2024T23:29:02 - [MESSAGE][PASSED] - features.Login.login is PASSED

05-03-2024T23:29:02 - [TEST_STEP][PASSED] - verifyElementPresent(findTestObject("Login Page/span_Required"), DELAY_TIME): Object 'Object Repository/Login Page/span_Required' is present

05-03-2024T23:29:02 - [MESSAGE][PASSED] - Object 'Object Repository/Login Page/span_Required' is present]]></system-out>
         <system-err><![CDATA[]]></system-err>
      </testcase>
      <testcase name="Test Cases/Features/Login/TC_Login_004_Without Username" time="11.791" classname="Test Cases/Features/Login/TC_Login_004_Without Username" status="PASSED">
         <system-out><![CDATA[05-03-2024T23:29:02 - [TEST_CASE][PASSED] - Test Cases/Features/Login/TC_Login_004_Without Username: Test Cases/Features/Login/TC_Login_004_Without Username

05-03-2024T23:29:03 - [TEST_STEP][PASSED] - features.Login.login(BASE_URL, "", PASSWORD): features.Login.login is PASSED

05-03-2024T23:29:03 - [MESSAGE][WARNING] - A browser is already opened. Closing browser and opening a new one

05-03-2024T23:29:04 - [MESSAGE][INFO] - Starting 'Edge Chromium' driver

05-03-2024T23:29:04 - [MESSAGE][INFO] - Action delay is set to 0 milliseconds

05-03-2024T23:29:11 - [MESSAGE][PASSED] - Browser is opened with url: 'https://opensource-demo.orangehrmlive.com/web/index.php/auth/login'

05-03-2024T23:29:11 - [MESSAGE][PASSED] - Wait for page load successfully

05-03-2024T23:29:11 - [MESSAGE][PASSED] - Current window maximized

05-03-2024T23:29:12 - [MESSAGE][PASSED] - Object 'Object Repository/Login Page/h5_Login' is visible

05-03-2024T23:29:13 - [MESSAGE][PASSED] - Keys '' sent to object: 'Object Repository/Login Page/input_Username'

05-03-2024T23:29:13 - [MESSAGE][PASSED] - Keys 'admin123' sent to object: 'Object Repository/Login Page/input_Password'

05-03-2024T23:29:14 - [MESSAGE][PASSED] - Object: 'Object Repository/Login Page/button_Login' is clicked on

05-03-2024T23:29:14 - [MESSAGE][PASSED] - features.Login.login is PASSED

05-03-2024T23:29:14 - [TEST_STEP][PASSED] - verifyElementPresent(findTestObject("Login Page/span_Required"), DELAY_TIME): Object 'Object Repository/Login Page/span_Required' is present

05-03-2024T23:29:14 - [MESSAGE][PASSED] - Object 'Object Repository/Login Page/span_Required' is present]]></system-out>
         <system-err><![CDATA[]]></system-err>
      </testcase>
      <system-out><![CDATA[05-03-2024T23:28:03 - [TEST_SUITE][PASSED] - TS_001_Login: Test Cases/Features/Login/TC_Login_004_Without Username]]></system-out>
      <system-err><![CDATA[]]></system-err>
   </testsuite>
</testsuites>
