<?xml version="1.0" encoding="UTF-8"?>
<testsuites name="Login Test Suites" time="72.146" tests="4" failures="0" errors="0">
   <testsuite name="Login Test Suites" tests="4" failures="0" errors="0" time="72.146" skipped="0" timestamp="2024-01-23 23:01:30" hostname="niam - zerone" id="Test Suites/Login Test Suites">
      <properties>
         <property name="deviceName" value=""/>
         <property name="devicePlatform" value=""/>
         <property name="logFolder" value="/media/niam/New Volume1/MATERI/Portfolio/katalon/OrangeHRM_Katalon/Reports/20240123_230121/Login Test Suites/20240123_230121"/>
         <property name="logFiles" value="/media/niam/New Volume1/MATERI/Portfolio/katalon/OrangeHRM_Katalon/Reports/20240123_230121/Login Test Suites/20240123_230121/execution0.log"/>
         <property name="attachments" value=""/>
         <property name="hostName" value="niam - zerone"/>
         <property name="os" value="Linux 64bit"/>
         <property name="katalonVersion" value="9.0.0.212"/>
         <property name="browser" value="Chrome 120.0.0.0"/>
         <property name="hostAddress" value="127.0.1.1"/>
         <property name="sessionId" value="641b87adb60da136fb6739455a8e000f"/>
         <property name="seleniumVersion" value="3.141.59"/>
         <property name="proxyInformation" value="ProxyInformation { proxyOption=NO_PROXY, proxyServerType=HTTP, username=, password=********, proxyServerAddress=, proxyServerPort=0, executionList=&quot;&quot;, isApplyToDesiredCapabilities=true }"/>
         <property name="platform" value="Linux"/>
      </properties>
      <testcase name="Test Cases/Login/Login Invalid Credentials" time="19.597" classname="Test Cases/Login/Login Invalid Credentials" status="PASSED">
         <system-out><![CDATA[2024-01-23 23:01:30 - [TEST_CASE][PASSED] - Test Cases/Login/Login Invalid Credentials: Test Cases/Login/Login Invalid Credentials

2024-01-23 23:01:31 - [TEST_STEP][PASSED] - openBrowser(""): Browser is opened with url: ''

2024-01-23 23:01:32 - [MESSAGE][INFO] - Starting 'Chrome' driver

2024-01-23 23:01:32 - [MESSAGE][INFO] - Action delay is set to 0 milliseconds

2024-01-23 23:01:36 - [MESSAGE][PASSED] - Browser is opened with url: ''

2024-01-23 23:01:36 - [TEST_STEP][PASSED] - navigateToUrl(BASE_URL): Navigate to 'https://opensource-demo.orangehrmlive.com/web/index.php/auth/login' successfully

2024-01-23 23:01:44 - [MESSAGE][PASSED] - Navigate to 'https://opensource-demo.orangehrmlive.com/web/index.php/auth/login' successfully

2024-01-23 23:01:44 - [TEST_STEP][PASSED] - setText(findTestObject("Object Repository/Page_OrangeHRM/input_username"), USERNAME): Text 'Admin' is set on object 'Object Repository/Page_OrangeHRM/input_username'

2024-01-23 23:01:46 - [MESSAGE][PASSED] - Text 'Admin' is set on object 'Object Repository/Page_OrangeHRM/input_username'

2024-01-23 23:01:46 - [TEST_STEP][PASSED] - setEncryptedText(findTestObject("Object Repository/Page_OrangeHRM/input_password"), "OxgQgnWTiED+D2kvBeygng=="): Text ****** has been set on object 'Object Repository/Page_OrangeHRM/input_password'

2024-01-23 23:01:47 - [MESSAGE][PASSED] - Text ****** has been set on object 'Object Repository/Page_OrangeHRM/input_password'

2024-01-23 23:01:47 - [TEST_STEP][PASSED] - click(findTestObject("Page_OrangeHRM/button_Login")): Object: 'Object Repository/Page_OrangeHRM/button_Login' is clicked on

2024-01-23 23:01:47 - [MESSAGE][PASSED] - Object: 'Object Repository/Page_OrangeHRM/button_Login' is clicked on

2024-01-23 23:01:47 - [TEST_STEP][PASSED] - verifyElementVisible(findTestObject("Object Repository/Page_OrangeHRM/p_Invalid credentials")): Object 'Object Repository/Page_OrangeHRM/p_Invalid credentials' is visible

2024-01-23 23:01:50 - [MESSAGE][PASSED] - Object 'Object Repository/Page_OrangeHRM/p_Invalid credentials' is visible]]></system-out>
         <system-err><![CDATA[]]></system-err>
      </testcase>
      <testcase name="Test Cases/Login/Login Valid Admin" time="16.48" classname="Test Cases/Login/Login Valid Admin" status="PASSED">
         <system-out><![CDATA[2024-01-23 23:01:50 - [TEST_CASE][PASSED] - Test Cases/Login/Login Valid Admin: Test Cases/Login/Login Valid Admin

2024-01-23 23:01:50 - [TEST_STEP][PASSED] - openBrowser(""): Browser is opened with url: ''

2024-01-23 23:01:50 - [MESSAGE][WARNING] - A browser is already opened. Closing browser and opening a new one

2024-01-23 23:01:50 - [MESSAGE][INFO] - Starting 'Chrome' driver

2024-01-23 23:01:51 - [MESSAGE][INFO] - Action delay is set to 0 milliseconds

2024-01-23 23:01:52 - [MESSAGE][PASSED] - Browser is opened with url: ''

2024-01-23 23:01:52 - [TEST_STEP][PASSED] - navigateToUrl(BASE_URL): Navigate to 'https://opensource-demo.orangehrmlive.com/web/index.php/auth/login' successfully

2024-01-23 23:01:59 - [MESSAGE][PASSED] - Navigate to 'https://opensource-demo.orangehrmlive.com/web/index.php/auth/login' successfully

2024-01-23 23:01:59 - [TEST_STEP][PASSED] - setText(findTestObject("Object Repository/Page_OrangeHRM/input_username"), USERNAME): Text 'Admin' is set on object 'Object Repository/Page_OrangeHRM/input_username'

2024-01-23 23:02:01 - [MESSAGE][PASSED] - Text 'Admin' is set on object 'Object Repository/Page_OrangeHRM/input_username'

2024-01-23 23:02:01 - [TEST_STEP][PASSED] - setEncryptedText(findTestObject("Object Repository/Page_OrangeHRM/input_password"), PASSWORD): Text ****** has been set on object 'Object Repository/Page_OrangeHRM/input_password'

2024-01-23 23:02:02 - [MESSAGE][PASSED] - Text ****** has been set on object 'Object Repository/Page_OrangeHRM/input_password'

2024-01-23 23:02:02 - [TEST_STEP][PASSED] - click(findTestObject("Object Repository/Page_OrangeHRM/button_Login")): Object: 'Object Repository/Page_OrangeHRM/button_Login' is clicked on

2024-01-23 23:02:02 - [MESSAGE][PASSED] - Object: 'Object Repository/Page_OrangeHRM/button_Login' is clicked on

2024-01-23 23:02:02 - [TEST_STEP][PASSED] - verifyElementVisible(findTestObject("Object Repository/Page_OrangeHRM/img_oxd-userdropdown-img")): Object 'Object Repository/Page_OrangeHRM/img_oxd-userdropdown-img' is visible

2024-01-23 23:02:06 - [MESSAGE][PASSED] - Object 'Object Repository/Page_OrangeHRM/img_oxd-userdropdown-img' is visible]]></system-out>
         <system-err><![CDATA[]]></system-err>
      </testcase>
      <testcase name="Test Cases/Login/Login WIthout Password" time="21.487" classname="Test Cases/Login/Login WIthout Password" status="PASSED">
         <system-out><![CDATA[2024-01-23 23:02:06 - [TEST_CASE][PASSED] - Test Cases/Login/Login WIthout Password: Test Cases/Login/Login WIthout Password

2024-01-23 23:02:07 - [TEST_STEP][PASSED] - openBrowser(""): Browser is opened with url: ''

2024-01-23 23:02:07 - [MESSAGE][WARNING] - A browser is already opened. Closing browser and opening a new one

2024-01-23 23:02:07 - [MESSAGE][INFO] - Starting 'Chrome' driver

2024-01-23 23:02:07 - [MESSAGE][INFO] - Action delay is set to 0 milliseconds

2024-01-23 23:02:08 - [MESSAGE][PASSED] - Browser is opened with url: ''

2024-01-23 23:02:08 - [TEST_STEP][PASSED] - navigateToUrl("https://opensource-demo.orangehrmlive.com/web/index.php/auth/login"): Navigate to 'https://opensource-demo.orangehrmlive.com/web/index.php/auth/login' successfully

2024-01-23 23:02:25 - [MESSAGE][PASSED] - Navigate to 'https://opensource-demo.orangehrmlive.com/web/index.php/auth/login' successfully

2024-01-23 23:02:25 - [TEST_STEP][PASSED] - setText(findTestObject("Object Repository/Page_OrangeHRM/input_username"), "Admin"): Text 'Admin' is set on object 'Object Repository/Page_OrangeHRM/input_username'

2024-01-23 23:02:27 - [MESSAGE][PASSED] - Text 'Admin' is set on object 'Object Repository/Page_OrangeHRM/input_username'

2024-01-23 23:02:27 - [TEST_STEP][PASSED] - click(findTestObject("Object Repository/Page_OrangeHRM/button_Login")): Object: 'Object Repository/Page_OrangeHRM/button_Login' is clicked on

2024-01-23 23:02:27 - [MESSAGE][PASSED] - Object: 'Object Repository/Page_OrangeHRM/button_Login' is clicked on

2024-01-23 23:02:27 - [TEST_STEP][PASSED] - verifyElementVisible(findTestObject("Object Repository/Page_OrangeHRM/span_Required")): Object 'Object Repository/Page_OrangeHRM/span_Required' is visible

2024-01-23 23:02:28 - [MESSAGE][PASSED] - Object 'Object Repository/Page_OrangeHRM/span_Required' is visible]]></system-out>
         <system-err><![CDATA[]]></system-err>
      </testcase>
      <testcase name="Test Cases/Login/Login Without Username" time="13.976" classname="Test Cases/Login/Login Without Username" status="PASSED">
         <system-out><![CDATA[2024-01-23 23:02:28 - [TEST_CASE][PASSED] - Test Cases/Login/Login Without Username: Test Cases/Login/Login Without Username

2024-01-23 23:02:28 - [TEST_STEP][PASSED] - openBrowser(""): Browser is opened with url: ''

2024-01-23 23:02:28 - [MESSAGE][WARNING] - A browser is already opened. Closing browser and opening a new one

2024-01-23 23:02:28 - [MESSAGE][INFO] - Starting 'Chrome' driver

2024-01-23 23:02:28 - [MESSAGE][INFO] - Action delay is set to 0 milliseconds

2024-01-23 23:02:29 - [MESSAGE][PASSED] - Browser is opened with url: ''

2024-01-23 23:02:29 - [TEST_STEP][PASSED] - navigateToUrl("https://opensource-demo.orangehrmlive.com/web/index.php/auth/login"): Navigate to 'https://opensource-demo.orangehrmlive.com/web/index.php/auth/login' successfully

2024-01-23 23:02:39 - [MESSAGE][PASSED] - Navigate to 'https://opensource-demo.orangehrmlive.com/web/index.php/auth/login' successfully

2024-01-23 23:02:39 - [TEST_STEP][PASSED] - click(findTestObject("Object Repository/Page_OrangeHRM/input_username")): Object: 'Object Repository/Page_OrangeHRM/input_username' is clicked on

2024-01-23 23:02:40 - [MESSAGE][PASSED] - Object: 'Object Repository/Page_OrangeHRM/input_username' is clicked on

2024-01-23 23:02:40 - [TEST_STEP][PASSED] - setEncryptedText(findTestObject("Object Repository/Page_OrangeHRM/input_password"), "hUKwJTbofgPU9eVlw/CnDQ=="): Text ****** has been set on object 'Object Repository/Page_OrangeHRM/input_password'

2024-01-23 23:02:41 - [MESSAGE][PASSED] - Text ****** has been set on object 'Object Repository/Page_OrangeHRM/input_password'

2024-01-23 23:02:41 - [TEST_STEP][PASSED] - click(findTestObject("Object Repository/Page_OrangeHRM/button_Login")): Object: 'Object Repository/Page_OrangeHRM/button_Login' is clicked on

2024-01-23 23:02:41 - [MESSAGE][PASSED] - Object: 'Object Repository/Page_OrangeHRM/button_Login' is clicked on

2024-01-23 23:02:41 - [TEST_STEP][PASSED] - verifyElementVisible(findTestObject("Object Repository/Page_OrangeHRM/span_Required")): Object 'Object Repository/Page_OrangeHRM/span_Required' is visible

2024-01-23 23:02:42 - [MESSAGE][PASSED] - Object 'Object Repository/Page_OrangeHRM/span_Required' is visible]]></system-out>
         <system-err><![CDATA[]]></system-err>
      </testcase>
      <system-out><![CDATA[2024-01-23 23:01:30 - [TEST_SUITE][PASSED] - Login Test Suites: Test Cases/Login/Login Without Username]]></system-out>
      <system-err><![CDATA[]]></system-err>
   </testsuite>
</testsuites>
