<?xml version="1.0" encoding="UTF-8"?>
<testsuites name="User Management" time="455.559" tests="10" failures="0" errors="0">
   <testsuite name="User Management" tests="10" failures="0" errors="0" time="455.559" skipped="0" timestamp="30-01-2024T20:37:06" hostname="niam - zerone" id="Test Suites/User Management">
      <properties>
         <property name="deviceName" value=""/>
         <property name="devicePlatform" value=""/>
         <property name="logFolder" value="/media/niam/New Volume1/MATERI/Portfolio/katalon/OrangeHRM_Katalon/Reports/20240130_203657/User Management/20240130_203657"/>
         <property name="logFiles" value="/media/niam/New Volume1/MATERI/Portfolio/katalon/OrangeHRM_Katalon/Reports/20240130_203657/User Management/20240130_203657/execution0.log"/>
         <property name="attachments" value=""/>
         <property name="hostName" value="niam - zerone"/>
         <property name="os" value="Linux 64bit"/>
         <property name="katalonVersion" value="9.2.0.212"/>
         <property name="browser" value="Firefox 122.0"/>
         <property name="hostAddress" value="127.0.1.1"/>
         <property name="sessionId" value="c5cd03e0-0764-49fb-bf07-d817152b1c7b"/>
         <property name="seleniumVersion" value="3.141.59"/>
         <property name="proxyInformation" value="ProxyInformation { proxyOption=NO_PROXY, proxyServerType=HTTP, username=, password=********, proxyServerAddress=, proxyServerPort=0, executionList=&quot;&quot;, isApplyToDesiredCapabilities=true }"/>
         <property name="platform" value="Linux"/>
      </properties>
      <testcase name="Test Cases/Features/Admin/TC_Admin_001_Access Admin Menu" time="30.349" classname="Test Cases/Features/Admin/TC_Admin_001_Access Admin Menu" status="PASSED">
         <system-out><![CDATA[30-01-2024T20:37:07 - [TEST_CASE][PASSED] - Test Cases/Features/Admin/TC_Admin_001_Access Admin Menu: Test Cases/Features/Admin/TC_Admin_001_Access Admin Menu

30-01-2024T20:37:07 - [TEST_STEP][PASSED] - callTestCase(findTestCase("Login/Login Valid Admin"), [:], STOP_ON_FAILURE): Call Test Case 'Test Cases/Login/Login Valid Admin' successfully

30-01-2024T20:37:08 - [TEST_CASE][PASSED] - Test Cases/Login/Login Valid Admin: Test Cases/Login/Login Valid Admin

30-01-2024T20:37:09 - [TEST_STEP][PASSED] - openBrowser(""): Browser is opened with url: ''

30-01-2024T20:37:09 - [MESSAGE][INFO] - Starting 'Firefox' driver

30-01-2024T20:37:10 - [MESSAGE][INFO] - Action delay is set to 0 milliseconds

30-01-2024T20:37:16 - [MESSAGE][PASSED] - Browser is opened with url: ''

30-01-2024T20:37:16 - [TEST_STEP][PASSED] - navigateToUrl(BASE_URL): Navigate to 'https://opensource-demo.orangehrmlive.com/web/index.php/auth/login' successfully

30-01-2024T20:37:26 - [MESSAGE][PASSED] - Navigate to 'https://opensource-demo.orangehrmlive.com/web/index.php/auth/login' successfully

30-01-2024T20:37:26 - [TEST_STEP][PASSED] - setText(findTestObject("Object Repository/Page_OrangeHRM/input_username"), G_USERNAME): Text 'Admin' is set on object 'Object Repository/Page_OrangeHRM/input_username'

30-01-2024T20:37:28 - [MESSAGE][PASSED] - Text 'Admin' is set on object 'Object Repository/Page_OrangeHRM/input_username'

30-01-2024T20:37:28 - [TEST_STEP][PASSED] - setEncryptedText(findTestObject("Object Repository/Page_OrangeHRM/input_password"), PASSWORD): Text ****** has been set on object 'Object Repository/Page_OrangeHRM/input_password'

30-01-2024T20:37:29 - [MESSAGE][PASSED] - Text ****** has been set on object 'Object Repository/Page_OrangeHRM/input_password'

30-01-2024T20:37:29 - [TEST_STEP][PASSED] - click(findTestObject("Object Repository/Page_OrangeHRM/button_Login")): Object: 'Object Repository/Page_OrangeHRM/button_Login' is clicked on

30-01-2024T20:37:31 - [MESSAGE][PASSED] - Object: 'Object Repository/Page_OrangeHRM/button_Login' is clicked on

30-01-2024T20:37:31 - [TEST_STEP][PASSED] - verifyElementVisible(findTestObject("Object Repository/Page_OrangeHRM/img_oxd-userdropdown-img")): Object 'Object Repository/Page_OrangeHRM/img_oxd-userdropdown-img' is visible

30-01-2024T20:37:33 - [MESSAGE][PASSED] - Object 'Object Repository/Page_OrangeHRM/img_oxd-userdropdown-img' is visible

30-01-2024T20:37:34 - [MESSAGE][PASSED] - Call Test Case 'Test Cases/Login/Login Valid Admin' successfully

30-01-2024T20:37:34 - [TEST_STEP][PASSED] - click(findTestObject("Object Repository/Page_OrangeHRM/a_Admin")): Object: 'Object Repository/Page_OrangeHRM/a_Admin' is clicked on

30-01-2024T20:37:35 - [MESSAGE][PASSED] - Object: 'Object Repository/Page_OrangeHRM/a_Admin' is clicked on

30-01-2024T20:37:35 - [TEST_STEP][PASSED] - verifyElementPresent(findTestObject("Object Repository/Page_OrangeHRM/h5_System Users"), 0): Object 'Object Repository/Page_OrangeHRM/h5_System Users' is present

30-01-2024T20:37:36 - [MESSAGE][WARNING] - Timeout '0' is invalid. Using default page load timeout: '30'

30-01-2024T20:37:37 - [MESSAGE][PASSED] - Object 'Object Repository/Page_OrangeHRM/h5_System Users' is present]]></system-out>
         <system-err><![CDATA[]]></system-err>
      </testcase>
      <testcase name="Test Cases/Features/Admin/TC_Admin_002_Add New User" time="46.233" classname="Test Cases/Features/Admin/TC_Admin_002_Add New User" status="PASSED">
         <system-out><![CDATA[30-01-2024T20:37:37 - [TEST_CASE][PASSED] - Test Cases/Features/Admin/TC_Admin_002_Add New User: Test Cases/Features/Admin/TC_Admin_002_Add New User

30-01-2024T20:37:38 - [TEST_STEP][PASSED] - callTestCase(findTestCase("Features/Admin/TC_Admin_001_Access Admin Menu"), [:], STOP_ON_FAILURE): Call Test Case 'Test Cases/Features/Admin/TC_Admin_001_Access Admin Menu' successfully

30-01-2024T20:37:38 - [TEST_CASE][PASSED] - Test Cases/Features/Admin/TC_Admin_001_Access Admin Menu: Test Cases/Features/Admin/TC_Admin_001_Access Admin Menu

30-01-2024T20:37:38 - [TEST_STEP][PASSED] - callTestCase(findTestCase("Login/Login Valid Admin"), [:], STOP_ON_FAILURE): Call Test Case 'Test Cases/Login/Login Valid Admin' successfully

30-01-2024T20:37:38 - [TEST_CASE][PASSED] - Test Cases/Login/Login Valid Admin: Test Cases/Login/Login Valid Admin

30-01-2024T20:37:38 - [TEST_STEP][PASSED] - openBrowser(""): Browser is opened with url: ''

30-01-2024T20:37:38 - [MESSAGE][WARNING] - A browser is already opened. Closing browser and opening a new one

30-01-2024T20:37:39 - [MESSAGE][INFO] - Starting 'Firefox' driver

30-01-2024T20:37:39 - [MESSAGE][INFO] - Action delay is set to 0 milliseconds

30-01-2024T20:37:43 - [MESSAGE][PASSED] - Browser is opened with url: ''

30-01-2024T20:37:43 - [TEST_STEP][PASSED] - navigateToUrl(BASE_URL): Navigate to 'https://opensource-demo.orangehrmlive.com/web/index.php/auth/login' successfully

30-01-2024T20:37:52 - [MESSAGE][PASSED] - Navigate to 'https://opensource-demo.orangehrmlive.com/web/index.php/auth/login' successfully

30-01-2024T20:37:52 - [TEST_STEP][PASSED] - setText(findTestObject("Object Repository/Page_OrangeHRM/input_username"), G_USERNAME): Text 'Admin' is set on object 'Object Repository/Page_OrangeHRM/input_username'

30-01-2024T20:37:53 - [MESSAGE][PASSED] - Text 'Admin' is set on object 'Object Repository/Page_OrangeHRM/input_username'

30-01-2024T20:37:53 - [TEST_STEP][PASSED] - setEncryptedText(findTestObject("Object Repository/Page_OrangeHRM/input_password"), PASSWORD): Text ****** has been set on object 'Object Repository/Page_OrangeHRM/input_password'

30-01-2024T20:37:53 - [MESSAGE][PASSED] - Text ****** has been set on object 'Object Repository/Page_OrangeHRM/input_password'

30-01-2024T20:37:53 - [TEST_STEP][PASSED] - click(findTestObject("Object Repository/Page_OrangeHRM/button_Login")): Object: 'Object Repository/Page_OrangeHRM/button_Login' is clicked on

30-01-2024T20:37:56 - [MESSAGE][PASSED] - Object: 'Object Repository/Page_OrangeHRM/button_Login' is clicked on

30-01-2024T20:37:56 - [TEST_STEP][PASSED] - verifyElementVisible(findTestObject("Object Repository/Page_OrangeHRM/img_oxd-userdropdown-img")): Object 'Object Repository/Page_OrangeHRM/img_oxd-userdropdown-img' is visible

30-01-2024T20:37:58 - [MESSAGE][PASSED] - Object 'Object Repository/Page_OrangeHRM/img_oxd-userdropdown-img' is visible

30-01-2024T20:37:58 - [MESSAGE][PASSED] - Call Test Case 'Test Cases/Login/Login Valid Admin' successfully

30-01-2024T20:37:58 - [TEST_STEP][PASSED] - click(findTestObject("Object Repository/Page_OrangeHRM/a_Admin")): Object: 'Object Repository/Page_OrangeHRM/a_Admin' is clicked on

30-01-2024T20:38:00 - [MESSAGE][PASSED] - Object: 'Object Repository/Page_OrangeHRM/a_Admin' is clicked on

30-01-2024T20:38:00 - [TEST_STEP][PASSED] - verifyElementPresent(findTestObject("Object Repository/Page_OrangeHRM/h5_System Users"), 0): Object 'Object Repository/Page_OrangeHRM/h5_System Users' is present

30-01-2024T20:38:00 - [MESSAGE][WARNING] - Timeout '0' is invalid. Using default page load timeout: '30'

30-01-2024T20:38:02 - [MESSAGE][PASSED] - Object 'Object Repository/Page_OrangeHRM/h5_System Users' is present

30-01-2024T20:38:02 - [MESSAGE][PASSED] - Call Test Case 'Test Cases/Features/Admin/TC_Admin_001_Access Admin Menu' successfully

30-01-2024T20:38:02 - [TEST_STEP][PASSED] - click(findTestObject("Admin_Menu/User_Management/Users/button_Add_User")): Object: 'Object Repository/Admin_Menu/User_Management/Users/button_Add_User' is clicked on

30-01-2024T20:38:03 - [MESSAGE][PASSED] - Object: 'Object Repository/Admin_Menu/User_Management/Users/button_Add_User' is clicked on

30-01-2024T20:38:03 - [TEST_STEP][PASSED] - verifyElementPresent(findTestObject("Admin_Menu/User_Management/Users/Add User/h6_Add User"), 0): Object 'Object Repository/Admin_Menu/User_Management/Users/Add User/h6_Add User' is present

30-01-2024T20:38:03 - [MESSAGE][WARNING] - Timeout '0' is invalid. Using default page load timeout: '30'

30-01-2024T20:38:04 - [MESSAGE][PASSED] - Object 'Object Repository/Admin_Menu/User_Management/Users/Add User/h6_Add User' is present

30-01-2024T20:38:04 - [TEST_STEP][PASSED] - click(findTestObject("Admin_Menu/User_Management/Users/Add User/dropdown_role")): Object: 'Object Repository/Admin_Menu/User_Management/Users/Add User/dropdown_role' is clicked on

30-01-2024T20:38:05 - [MESSAGE][PASSED] - Object: 'Object Repository/Admin_Menu/User_Management/Users/Add User/dropdown_role' is clicked on

30-01-2024T20:38:05 - [TEST_STEP][PASSED] - click(findTestObject("Admin_Menu/User_Management/Users/Add User/div_Admin")): Object: 'Object Repository/Admin_Menu/User_Management/Users/Add User/div_Admin' is clicked on

30-01-2024T20:38:05 - [MESSAGE][PASSED] - Object: 'Object Repository/Admin_Menu/User_Management/Users/Add User/div_Admin' is clicked on

30-01-2024T20:38:05 - [TEST_STEP][PASSED] - click(findTestObject("Admin_Menu/User_Management/Users/Add User/dropdown_status")): Object: 'Object Repository/Admin_Menu/User_Management/Users/Add User/dropdown_status' is clicked on

30-01-2024T20:38:06 - [MESSAGE][PASSED] - Object: 'Object Repository/Admin_Menu/User_Management/Users/Add User/dropdown_status' is clicked on

30-01-2024T20:38:06 - [TEST_STEP][PASSED] - click(findTestObject("Admin_Menu/User_Management/Users/Add User/div_Enabled")): Object: 'Object Repository/Admin_Menu/User_Management/Users/Add User/div_Enabled' is clicked on

30-01-2024T20:38:06 - [MESSAGE][PASSED] - Object: 'Object Repository/Admin_Menu/User_Management/Users/Add User/div_Enabled' is clicked on

30-01-2024T20:38:06 - [TEST_STEP][PASSED] - setText(findTestObject("Admin_Menu/User_Management/Users/Add User/input_employee_name"), EMPLOYEE_NAME): Text 'Odis Adalwin' is set on object 'Object Repository/Admin_Menu/User_Management/Users/Add User/input_employee_name'

30-01-2024T20:38:07 - [MESSAGE][PASSED] - Text 'Odis Adalwin' is set on object 'Object Repository/Admin_Menu/User_Management/Users/Add User/input_employee_name'

30-01-2024T20:38:07 - [TEST_STEP][PASSED] - waitForElementVisible(findTestObject("Admin_Menu/User_Management/Users/div_Odis Adalwin"), 5): Web element with id: 'Object Repository/Admin_Menu/User_Management/Users/div_Odis Adalwin' located by '//div[@id='app']/div/div[2]/div[2]/div/div[2]/div[3]/div/div[2]/div/div/div[4]/div' not found

30-01-2024T20:38:13 - [MESSAGE][INFO] - Unable to find the element located by 'By.xpath: //div[@id='app']/div/div[2]/div[2]/div/div[2]/div[3]/div/div[2]/div/div/div[4]/div'. Please recheck the objects properties to make sure the desired element is located. 

30-01-2024T20:38:13 - [MESSAGE][WARNING] - [SELF-HEALING] Failed to find element with id 'Object Repository/Admin_Menu/User_Management/Users/div_Odis Adalwin'. Try using Self-healing.

30-01-2024T20:38:14 - [MESSAGE][INFO] - [SELF-HEALING] Failed Locator: '//div[@id='app']/div/div[2]/div[2]/div/div[2]/div[3]/div/div[2]/div/div/div[4]/div'.

30-01-2024T20:38:14 - [MESSAGE][INFO] - [SELF-HEALING] Failed Locator: '//div[2]/div/div/div[4]/div'.

30-01-2024T20:38:14 - [MESSAGE][INFO] - [SELF-HEALING] Failed Locator: '//div[(text() = 'Odis Adalwin' or . = 'Odis Adalwin')]'.

30-01-2024T20:38:15 - [MESSAGE][INFO] - [SELF-HEALING] Failed Locator: '//div[@id='app']/div/div[2]/div[2]/div/div[2]/div[3]/div/div[2]/div/div/div[4]/div'.

30-01-2024T20:38:15 - [MESSAGE][INFO] - [SELF-HEALING] Failed Locator: '//div[2]/div/div/div[4]/div'.

30-01-2024T20:38:15 - [MESSAGE][INFO] - [SELF-HEALING] Failed Locator: '//div[(text() = 'Odis Adalwin' or . = 'Odis Adalwin')]'.

30-01-2024T20:38:16 - [MESSAGE][INFO] - Unable to find the element located by 'By.xpath: //*[(text() = 'Odis Adalwin' or . = 'Odis Adalwin')]'. Please recheck the objects properties to make sure the desired element is located. 

30-01-2024T20:38:17 - [MESSAGE][INFO] - Unable to find the element located by 'By.cssSelector: '. Please recheck the objects properties to make sure the desired element is located. 

30-01-2024T20:38:18 - [MESSAGE][WARNING] - Web element with id: 'Object Repository/Admin_Menu/User_Management/Users/div_Odis Adalwin' located by '//div[@id='app']/div/div[2]/div[2]/div/div[2]/div[3]/div/div[2]/div/div/div[4]/div' not found

30-01-2024T20:38:18 - [TEST_STEP][PASSED] - verifyElementVisible(findTestObject("Admin_Menu/User_Management/Users/Add User/div_Odis  Adalwin"), STOP_ON_FAILURE): Object 'Object Repository/Admin_Menu/User_Management/Users/Add User/div_Odis  Adalwin' is visible

30-01-2024T20:38:18 - [MESSAGE][PASSED] - Object 'Object Repository/Admin_Menu/User_Management/Users/Add User/div_Odis  Adalwin' is visible

30-01-2024T20:38:18 - [TEST_STEP][PASSED] - click(findTestObject("Admin_Menu/User_Management/Users/Add User/div_Odis  Adalwin")): Object: 'Object Repository/Admin_Menu/User_Management/Users/Add User/div_Odis  Adalwin' is clicked on

30-01-2024T20:38:19 - [MESSAGE][PASSED] - Object: 'Object Repository/Admin_Menu/User_Management/Users/Add User/div_Odis  Adalwin' is clicked on

30-01-2024T20:38:19 - [TEST_STEP][PASSED] - setText(findTestObject("Admin_Menu/User_Management/Users/Add User/input_Username_oxd-input oxd-input--focus"), USERNAME): Text 'John Doe' is set on object 'Object Repository/Admin_Menu/User_Management/Users/Add User/input_Username_oxd-input oxd-input--focus'

30-01-2024T20:38:19 - [MESSAGE][PASSED] - Text 'John Doe' is set on object 'Object Repository/Admin_Menu/User_Management/Users/Add User/input_Username_oxd-input oxd-input--focus'

30-01-2024T20:38:19 - [TEST_STEP][PASSED] - setEncryptedText(findTestObject("Admin_Menu/User_Management/Users/Add User/input_Password_oxd-input oxd-input--focus"), PASSWORD): Text ****** has been set on object 'Object Repository/Admin_Menu/User_Management/Users/Add User/input_Password_oxd-input oxd-input--focus'

30-01-2024T20:38:20 - [MESSAGE][PASSED] - Text ****** has been set on object 'Object Repository/Admin_Menu/User_Management/Users/Add User/input_Password_oxd-input oxd-input--focus'

30-01-2024T20:38:20 - [TEST_STEP][PASSED] - setEncryptedText(findTestObject("Admin_Menu/User_Management/Users/Add User/input_Confirm Password_oxd-input oxd-input--focus"), PASSWORD): Text ****** has been set on object 'Object Repository/Admin_Menu/User_Management/Users/Add User/input_Confirm Password_oxd-input oxd-input--focus'

30-01-2024T20:38:20 - [MESSAGE][PASSED] - Text ****** has been set on object 'Object Repository/Admin_Menu/User_Management/Users/Add User/input_Confirm Password_oxd-input oxd-input--focus'

30-01-2024T20:38:20 - [TEST_STEP][PASSED] - click(findTestObject("Admin_Menu/User_Management/Users/Add User/button_Save")): Object: 'Object Repository/Admin_Menu/User_Management/Users/Add User/button_Save' is clicked on

30-01-2024T20:38:21 - [MESSAGE][PASSED] - Object: 'Object Repository/Admin_Menu/User_Management/Users/Add User/button_Save' is clicked on

30-01-2024T20:38:21 - [TEST_STEP][PASSED] - verifyElementPresent(findTestObject("Admin_Menu/User_Management/Users/Add User/popup_SuccessSuccessfully Saved"), 0): Object 'Object Repository/Admin_Menu/User_Management/Users/Add User/popup_SuccessSuccessfully Saved' is present

30-01-2024T20:38:21 - [MESSAGE][WARNING] - Timeout '0' is invalid. Using default page load timeout: '30'

30-01-2024T20:38:23 - [MESSAGE][PASSED] - Object 'Object Repository/Admin_Menu/User_Management/Users/Add User/popup_SuccessSuccessfully Saved' is present]]></system-out>
         <system-err><![CDATA[]]></system-err>
      </testcase>
      <testcase name="Test Cases/Features/Admin/TC_Admin_003_Search User" time="70.095" classname="Test Cases/Features/Admin/TC_Admin_003_Search User" status="PASSED">
         <system-out><![CDATA[30-01-2024T20:38:23 - [TEST_CASE][PASSED] - Test Cases/Features/Admin/TC_Admin_003_Search User: Test Cases/Features/Admin/TC_Admin_003_Search User

30-01-2024T20:38:24 - [TEST_STEP][PASSED] - callTestCase(findTestCase("Features/Admin/TC_Admin_001_Access Admin Menu"), [:], STOP_ON_FAILURE): Call Test Case 'Test Cases/Features/Admin/TC_Admin_001_Access Admin Menu' successfully

30-01-2024T20:38:24 - [TEST_CASE][PASSED] - Test Cases/Features/Admin/TC_Admin_001_Access Admin Menu: Test Cases/Features/Admin/TC_Admin_001_Access Admin Menu

30-01-2024T20:38:24 - [TEST_STEP][PASSED] - callTestCase(findTestCase("Login/Login Valid Admin"), [:], STOP_ON_FAILURE): Call Test Case 'Test Cases/Login/Login Valid Admin' successfully

30-01-2024T20:38:24 - [TEST_CASE][PASSED] - Test Cases/Login/Login Valid Admin: Test Cases/Login/Login Valid Admin

30-01-2024T20:38:24 - [TEST_STEP][PASSED] - openBrowser(""): Browser is opened with url: ''

30-01-2024T20:38:24 - [MESSAGE][WARNING] - A browser is already opened. Closing browser and opening a new one

30-01-2024T20:38:26 - [MESSAGE][INFO] - Starting 'Firefox' driver

30-01-2024T20:38:26 - [MESSAGE][INFO] - Action delay is set to 0 milliseconds

30-01-2024T20:38:29 - [MESSAGE][PASSED] - Browser is opened with url: ''

30-01-2024T20:38:29 - [TEST_STEP][PASSED] - navigateToUrl(BASE_URL): Navigate to 'https://opensource-demo.orangehrmlive.com/web/index.php/auth/login' successfully

30-01-2024T20:38:53 - [MESSAGE][PASSED] - Navigate to 'https://opensource-demo.orangehrmlive.com/web/index.php/auth/login' successfully

30-01-2024T20:38:53 - [TEST_STEP][PASSED] - setText(findTestObject("Object Repository/Page_OrangeHRM/input_username"), G_USERNAME): Text 'Admin' is set on object 'Object Repository/Page_OrangeHRM/input_username'

30-01-2024T20:38:55 - [MESSAGE][PASSED] - Text 'Admin' is set on object 'Object Repository/Page_OrangeHRM/input_username'

30-01-2024T20:38:55 - [TEST_STEP][PASSED] - setEncryptedText(findTestObject("Object Repository/Page_OrangeHRM/input_password"), PASSWORD): Text ****** has been set on object 'Object Repository/Page_OrangeHRM/input_password'

30-01-2024T20:38:56 - [MESSAGE][PASSED] - Text ****** has been set on object 'Object Repository/Page_OrangeHRM/input_password'

30-01-2024T20:38:56 - [TEST_STEP][PASSED] - click(findTestObject("Object Repository/Page_OrangeHRM/button_Login")): Object: 'Object Repository/Page_OrangeHRM/button_Login' is clicked on

30-01-2024T20:39:02 - [MESSAGE][PASSED] - Object: 'Object Repository/Page_OrangeHRM/button_Login' is clicked on

30-01-2024T20:39:02 - [TEST_STEP][PASSED] - verifyElementVisible(findTestObject("Object Repository/Page_OrangeHRM/img_oxd-userdropdown-img")): Object 'Object Repository/Page_OrangeHRM/img_oxd-userdropdown-img' is visible

30-01-2024T20:39:21 - [MESSAGE][PASSED] - Object 'Object Repository/Page_OrangeHRM/img_oxd-userdropdown-img' is visible

30-01-2024T20:39:21 - [MESSAGE][PASSED] - Call Test Case 'Test Cases/Login/Login Valid Admin' successfully

30-01-2024T20:39:21 - [TEST_STEP][PASSED] - click(findTestObject("Object Repository/Page_OrangeHRM/a_Admin")): Object: 'Object Repository/Page_OrangeHRM/a_Admin' is clicked on

30-01-2024T20:39:25 - [MESSAGE][PASSED] - Object: 'Object Repository/Page_OrangeHRM/a_Admin' is clicked on

30-01-2024T20:39:25 - [TEST_STEP][PASSED] - verifyElementPresent(findTestObject("Object Repository/Page_OrangeHRM/h5_System Users"), 0): Object 'Object Repository/Page_OrangeHRM/h5_System Users' is present

30-01-2024T20:39:25 - [MESSAGE][WARNING] - Timeout '0' is invalid. Using default page load timeout: '30'

30-01-2024T20:39:27 - [MESSAGE][PASSED] - Object 'Object Repository/Page_OrangeHRM/h5_System Users' is present

30-01-2024T20:39:27 - [MESSAGE][PASSED] - Call Test Case 'Test Cases/Features/Admin/TC_Admin_001_Access Admin Menu' successfully

30-01-2024T20:39:27 - [TEST_STEP][PASSED] - sendKeys(findTestObject("Admin_Menu/User_Management/Users/input_Username"), USERNAME): Keys 'John Doe' sent to object: 'Object Repository/Admin_Menu/User_Management/Users/input_Username'

30-01-2024T20:39:27 - [MESSAGE][PASSED] - Keys 'John Doe' sent to object: 'Object Repository/Admin_Menu/User_Management/Users/input_Username'

30-01-2024T20:39:27 - [TEST_STEP][PASSED] - click(findTestObject("Admin_Menu/User_Management/Users/dropdown_user_role")): Object: 'Object Repository/Admin_Menu/User_Management/Users/dropdown_user_role' is clicked on

30-01-2024T20:39:28 - [MESSAGE][PASSED] - Object: 'Object Repository/Admin_Menu/User_Management/Users/dropdown_user_role' is clicked on

30-01-2024T20:39:28 - [TEST_STEP][PASSED] - click(findTestObject("Admin_Menu/User_Management/Users/span_Admin")): Object: 'Object Repository/Admin_Menu/User_Management/Users/span_Admin' is clicked on

30-01-2024T20:39:29 - [MESSAGE][PASSED] - Object: 'Object Repository/Admin_Menu/User_Management/Users/span_Admin' is clicked on

30-01-2024T20:39:29 - [TEST_STEP][PASSED] - sendKeys(findTestObject("Admin_Menu/User_Management/Users/input_Employee_Name"), EMPLOYEE_NAME): Keys 'Odis Adalwin' sent to object: 'Object Repository/Admin_Menu/User_Management/Users/input_Employee_Name'

30-01-2024T20:39:29 - [MESSAGE][PASSED] - Keys 'Odis Adalwin' sent to object: 'Object Repository/Admin_Menu/User_Management/Users/input_Employee_Name'

30-01-2024T20:39:29 - [TEST_STEP][PASSED] - verifyElementVisible(findTestObject("Admin_Menu/User_Management/Users/span_Odis  Adalwin")): Object 'Object Repository/Admin_Menu/User_Management/Users/span_Odis  Adalwin' is visible

30-01-2024T20:39:31 - [MESSAGE][PASSED] - Object 'Object Repository/Admin_Menu/User_Management/Users/span_Odis  Adalwin' is visible

30-01-2024T20:39:31 - [TEST_STEP][PASSED] - click(findTestObject("Admin_Menu/User_Management/Users/span_Odis  Adalwin")): Object: 'Object Repository/Admin_Menu/User_Management/Users/span_Odis  Adalwin' is clicked on

30-01-2024T20:39:31 - [MESSAGE][PASSED] - Object: 'Object Repository/Admin_Menu/User_Management/Users/span_Odis  Adalwin' is clicked on

30-01-2024T20:39:31 - [TEST_STEP][PASSED] - click(findTestObject("Admin_Menu/User_Management/Users/dropdown_status")): Object: 'Object Repository/Admin_Menu/User_Management/Users/dropdown_status' is clicked on

30-01-2024T20:39:32 - [MESSAGE][PASSED] - Object: 'Object Repository/Admin_Menu/User_Management/Users/dropdown_status' is clicked on

30-01-2024T20:39:32 - [TEST_STEP][PASSED] - click(findTestObject("Admin_Menu/User_Management/Users/span_Enabled")): Object: 'Object Repository/Admin_Menu/User_Management/Users/span_Enabled' is clicked on

30-01-2024T20:39:33 - [MESSAGE][PASSED] - Object: 'Object Repository/Admin_Menu/User_Management/Users/span_Enabled' is clicked on

30-01-2024T20:39:33 - [TEST_STEP][PASSED] - click(findTestObject("Admin_Menu/User_Management/Users/button_Search")): Object: 'Object Repository/Admin_Menu/User_Management/Users/button_Search' is clicked on

30-01-2024T20:39:33 - [MESSAGE][PASSED] - Object: 'Object Repository/Admin_Menu/User_Management/Users/button_Search' is clicked on]]></system-out>
         <system-err><![CDATA[]]></system-err>
      </testcase>
      <testcase name="Test Cases/Features/Admin/TC_Admin_004_Ensure User Search" time="40.129" classname="Test Cases/Features/Admin/TC_Admin_004_Ensure User Search" status="PASSED">
         <system-out><![CDATA[30-01-2024T20:39:33 - [TEST_CASE][PASSED] - Test Cases/Features/Admin/TC_Admin_004_Ensure User Search: Test Cases/Features/Admin/TC_Admin_004_Ensure User Search

30-01-2024T20:39:34 - [TEST_STEP][PASSED] - callTestCase(findTestCase("Features/Admin/TC_Admin_003_Search User"), [:], STOP_ON_FAILURE): Call Test Case 'Test Cases/Features/Admin/TC_Admin_003_Search User' successfully

30-01-2024T20:39:34 - [TEST_CASE][PASSED] - Test Cases/Features/Admin/TC_Admin_003_Search User: Test Cases/Features/Admin/TC_Admin_003_Search User

30-01-2024T20:39:34 - [TEST_STEP][PASSED] - callTestCase(findTestCase("Features/Admin/TC_Admin_001_Access Admin Menu"), [:], STOP_ON_FAILURE): Call Test Case 'Test Cases/Features/Admin/TC_Admin_001_Access Admin Menu' successfully

30-01-2024T20:39:34 - [TEST_CASE][PASSED] - Test Cases/Features/Admin/TC_Admin_001_Access Admin Menu: Test Cases/Features/Admin/TC_Admin_001_Access Admin Menu

30-01-2024T20:39:34 - [TEST_STEP][PASSED] - callTestCase(findTestCase("Login/Login Valid Admin"), [:], STOP_ON_FAILURE): Call Test Case 'Test Cases/Login/Login Valid Admin' successfully

30-01-2024T20:39:34 - [TEST_CASE][PASSED] - Test Cases/Login/Login Valid Admin: Test Cases/Login/Login Valid Admin

30-01-2024T20:39:34 - [TEST_STEP][PASSED] - openBrowser(""): Browser is opened with url: ''

30-01-2024T20:39:34 - [MESSAGE][WARNING] - A browser is already opened. Closing browser and opening a new one

30-01-2024T20:39:36 - [MESSAGE][INFO] - Starting 'Firefox' driver

30-01-2024T20:39:36 - [MESSAGE][INFO] - Action delay is set to 0 milliseconds

30-01-2024T20:39:40 - [MESSAGE][PASSED] - Browser is opened with url: ''

30-01-2024T20:39:40 - [TEST_STEP][PASSED] - navigateToUrl(BASE_URL): Navigate to 'https://opensource-demo.orangehrmlive.com/web/index.php/auth/login' successfully

30-01-2024T20:39:55 - [MESSAGE][PASSED] - Navigate to 'https://opensource-demo.orangehrmlive.com/web/index.php/auth/login' successfully

30-01-2024T20:39:55 - [TEST_STEP][PASSED] - setText(findTestObject("Object Repository/Page_OrangeHRM/input_username"), G_USERNAME): Text 'Admin' is set on object 'Object Repository/Page_OrangeHRM/input_username'

30-01-2024T20:39:57 - [MESSAGE][PASSED] - Text 'Admin' is set on object 'Object Repository/Page_OrangeHRM/input_username'

30-01-2024T20:39:57 - [TEST_STEP][PASSED] - setEncryptedText(findTestObject("Object Repository/Page_OrangeHRM/input_password"), PASSWORD): Text ****** has been set on object 'Object Repository/Page_OrangeHRM/input_password'

30-01-2024T20:39:58 - [MESSAGE][PASSED] - Text ****** has been set on object 'Object Repository/Page_OrangeHRM/input_password'

30-01-2024T20:39:58 - [TEST_STEP][PASSED] - click(findTestObject("Object Repository/Page_OrangeHRM/button_Login")): Object: 'Object Repository/Page_OrangeHRM/button_Login' is clicked on

30-01-2024T20:39:59 - [MESSAGE][PASSED] - Object: 'Object Repository/Page_OrangeHRM/button_Login' is clicked on

30-01-2024T20:39:59 - [TEST_STEP][PASSED] - verifyElementVisible(findTestObject("Object Repository/Page_OrangeHRM/img_oxd-userdropdown-img")): Object 'Object Repository/Page_OrangeHRM/img_oxd-userdropdown-img' is visible

30-01-2024T20:40:02 - [MESSAGE][PASSED] - Object 'Object Repository/Page_OrangeHRM/img_oxd-userdropdown-img' is visible

30-01-2024T20:40:02 - [MESSAGE][PASSED] - Call Test Case 'Test Cases/Login/Login Valid Admin' successfully

30-01-2024T20:40:02 - [TEST_STEP][PASSED] - click(findTestObject("Object Repository/Page_OrangeHRM/a_Admin")): Object: 'Object Repository/Page_OrangeHRM/a_Admin' is clicked on

30-01-2024T20:40:04 - [MESSAGE][PASSED] - Object: 'Object Repository/Page_OrangeHRM/a_Admin' is clicked on

30-01-2024T20:40:04 - [TEST_STEP][PASSED] - verifyElementPresent(findTestObject("Object Repository/Page_OrangeHRM/h5_System Users"), 0): Object 'Object Repository/Page_OrangeHRM/h5_System Users' is present

30-01-2024T20:40:04 - [MESSAGE][WARNING] - Timeout '0' is invalid. Using default page load timeout: '30'

30-01-2024T20:40:05 - [MESSAGE][PASSED] - Object 'Object Repository/Page_OrangeHRM/h5_System Users' is present

30-01-2024T20:40:05 - [MESSAGE][PASSED] - Call Test Case 'Test Cases/Features/Admin/TC_Admin_001_Access Admin Menu' successfully

30-01-2024T20:40:05 - [TEST_STEP][PASSED] - sendKeys(findTestObject("Admin_Menu/User_Management/Users/input_Username"), USERNAME): Keys 'John Doe' sent to object: 'Object Repository/Admin_Menu/User_Management/Users/input_Username'

30-01-2024T20:40:06 - [MESSAGE][PASSED] - Keys 'John Doe' sent to object: 'Object Repository/Admin_Menu/User_Management/Users/input_Username'

30-01-2024T20:40:06 - [TEST_STEP][PASSED] - click(findTestObject("Admin_Menu/User_Management/Users/dropdown_user_role")): Object: 'Object Repository/Admin_Menu/User_Management/Users/dropdown_user_role' is clicked on

30-01-2024T20:40:06 - [MESSAGE][PASSED] - Object: 'Object Repository/Admin_Menu/User_Management/Users/dropdown_user_role' is clicked on

30-01-2024T20:40:06 - [TEST_STEP][PASSED] - click(findTestObject("Admin_Menu/User_Management/Users/span_Admin")): Object: 'Object Repository/Admin_Menu/User_Management/Users/span_Admin' is clicked on

30-01-2024T20:40:07 - [MESSAGE][PASSED] - Object: 'Object Repository/Admin_Menu/User_Management/Users/span_Admin' is clicked on

30-01-2024T20:40:07 - [TEST_STEP][PASSED] - sendKeys(findTestObject("Admin_Menu/User_Management/Users/input_Employee_Name"), EMPLOYEE_NAME): Keys 'Odis Adalwin' sent to object: 'Object Repository/Admin_Menu/User_Management/Users/input_Employee_Name'

30-01-2024T20:40:07 - [MESSAGE][PASSED] - Keys 'Odis Adalwin' sent to object: 'Object Repository/Admin_Menu/User_Management/Users/input_Employee_Name'

30-01-2024T20:40:07 - [TEST_STEP][PASSED] - verifyElementVisible(findTestObject("Admin_Menu/User_Management/Users/span_Odis  Adalwin")): Object 'Object Repository/Admin_Menu/User_Management/Users/span_Odis  Adalwin' is visible

30-01-2024T20:40:09 - [MESSAGE][PASSED] - Object 'Object Repository/Admin_Menu/User_Management/Users/span_Odis  Adalwin' is visible

30-01-2024T20:40:09 - [TEST_STEP][PASSED] - click(findTestObject("Admin_Menu/User_Management/Users/span_Odis  Adalwin")): Object: 'Object Repository/Admin_Menu/User_Management/Users/span_Odis  Adalwin' is clicked on

30-01-2024T20:40:10 - [MESSAGE][PASSED] - Object: 'Object Repository/Admin_Menu/User_Management/Users/span_Odis  Adalwin' is clicked on

30-01-2024T20:40:10 - [TEST_STEP][PASSED] - click(findTestObject("Admin_Menu/User_Management/Users/dropdown_status")): Object: 'Object Repository/Admin_Menu/User_Management/Users/dropdown_status' is clicked on

30-01-2024T20:40:10 - [MESSAGE][PASSED] - Object: 'Object Repository/Admin_Menu/User_Management/Users/dropdown_status' is clicked on

30-01-2024T20:40:10 - [TEST_STEP][PASSED] - click(findTestObject("Admin_Menu/User_Management/Users/span_Enabled")): Object: 'Object Repository/Admin_Menu/User_Management/Users/span_Enabled' is clicked on

30-01-2024T20:40:11 - [MESSAGE][PASSED] - Object: 'Object Repository/Admin_Menu/User_Management/Users/span_Enabled' is clicked on

30-01-2024T20:40:11 - [TEST_STEP][PASSED] - click(findTestObject("Admin_Menu/User_Management/Users/button_Search")): Object: 'Object Repository/Admin_Menu/User_Management/Users/button_Search' is clicked on

30-01-2024T20:40:12 - [MESSAGE][PASSED] - Object: 'Object Repository/Admin_Menu/User_Management/Users/button_Search' is clicked on

30-01-2024T20:40:12 - [MESSAGE][PASSED] - Call Test Case 'Test Cases/Features/Admin/TC_Admin_003_Search User' successfully

30-01-2024T20:40:12 - [TEST_STEP][PASSED] - verifyElementPresent(findTestObject("Admin_Menu/User_Management/Users/div_John Doe"), 0): Object 'Object Repository/Admin_Menu/User_Management/Users/div_John Doe' is present

30-01-2024T20:40:12 - [MESSAGE][WARNING] - Timeout '0' is invalid. Using default page load timeout: '30'

30-01-2024T20:40:12 - [MESSAGE][PASSED] - Object 'Object Repository/Admin_Menu/User_Management/Users/div_John Doe' is present

30-01-2024T20:40:12 - [TEST_STEP][PASSED] - verifyElementPresent(findTestObject("Admin_Menu/User_Management/Users/div_Admin"), 0): Object 'Object Repository/Admin_Menu/User_Management/Users/div_Admin' is present

30-01-2024T20:40:12 - [MESSAGE][WARNING] - Timeout '0' is invalid. Using default page load timeout: '30'

30-01-2024T20:40:13 - [MESSAGE][PASSED] - Object 'Object Repository/Admin_Menu/User_Management/Users/div_Admin' is present

30-01-2024T20:40:13 - [TEST_STEP][PASSED] - verifyElementPresent(findTestObject("Admin_Menu/User_Management/Users/div_Odis Adalwin"), 0): Object 'Object Repository/Admin_Menu/User_Management/Users/div_Odis Adalwin' is present

30-01-2024T20:40:13 - [MESSAGE][WARNING] - Timeout '0' is invalid. Using default page load timeout: '30'

30-01-2024T20:40:13 - [MESSAGE][PASSED] - Object 'Object Repository/Admin_Menu/User_Management/Users/div_Odis Adalwin' is present

30-01-2024T20:40:13 - [TEST_STEP][PASSED] - verifyElementPresent(findTestObject("Admin_Menu/User_Management/Users/div_Enabled"), 0): Object 'Object Repository/Admin_Menu/User_Management/Users/div_Enabled' is present

30-01-2024T20:40:13 - [MESSAGE][WARNING] - Timeout '0' is invalid. Using default page load timeout: '30'

30-01-2024T20:40:14 - [MESSAGE][PASSED] - Object 'Object Repository/Admin_Menu/User_Management/Users/div_Enabled' is present]]></system-out>
         <system-err><![CDATA[]]></system-err>
      </testcase>
      <testcase name="Test Cases/Features/Admin/TC_Admin_005_Ensure Data Edit User" time="38.334" classname="Test Cases/Features/Admin/TC_Admin_005_Ensure Data Edit User" status="PASSED">
         <system-out><![CDATA[30-01-2024T20:40:14 - [TEST_CASE][PASSED] - Test Cases/Features/Admin/TC_Admin_005_Ensure Data Edit User: Test Cases/Features/Admin/TC_Admin_005_Ensure Data Edit User

30-01-2024T20:40:14 - [TEST_STEP][PASSED] - callTestCase(findTestCase("Features/Admin/TC_Admin_003_Search User"), [:], STOP_ON_FAILURE): Call Test Case 'Test Cases/Features/Admin/TC_Admin_003_Search User' successfully

30-01-2024T20:40:14 - [TEST_CASE][PASSED] - Test Cases/Features/Admin/TC_Admin_003_Search User: Test Cases/Features/Admin/TC_Admin_003_Search User

30-01-2024T20:40:14 - [TEST_STEP][PASSED] - callTestCase(findTestCase("Features/Admin/TC_Admin_001_Access Admin Menu"), [:], STOP_ON_FAILURE): Call Test Case 'Test Cases/Features/Admin/TC_Admin_001_Access Admin Menu' successfully

30-01-2024T20:40:14 - [TEST_CASE][PASSED] - Test Cases/Features/Admin/TC_Admin_001_Access Admin Menu: Test Cases/Features/Admin/TC_Admin_001_Access Admin Menu

30-01-2024T20:40:14 - [TEST_STEP][PASSED] - callTestCase(findTestCase("Login/Login Valid Admin"), [:], STOP_ON_FAILURE): Call Test Case 'Test Cases/Login/Login Valid Admin' successfully

30-01-2024T20:40:14 - [TEST_CASE][PASSED] - Test Cases/Login/Login Valid Admin: Test Cases/Login/Login Valid Admin

30-01-2024T20:40:14 - [TEST_STEP][PASSED] - openBrowser(""): Browser is opened with url: ''

30-01-2024T20:40:14 - [MESSAGE][WARNING] - A browser is already opened. Closing browser and opening a new one

30-01-2024T20:40:16 - [MESSAGE][INFO] - Starting 'Firefox' driver

30-01-2024T20:40:16 - [MESSAGE][INFO] - Action delay is set to 0 milliseconds

30-01-2024T20:40:20 - [MESSAGE][PASSED] - Browser is opened with url: ''

30-01-2024T20:40:20 - [TEST_STEP][PASSED] - navigateToUrl(BASE_URL): Navigate to 'https://opensource-demo.orangehrmlive.com/web/index.php/auth/login' successfully

30-01-2024T20:40:30 - [MESSAGE][PASSED] - Navigate to 'https://opensource-demo.orangehrmlive.com/web/index.php/auth/login' successfully

30-01-2024T20:40:30 - [TEST_STEP][PASSED] - setText(findTestObject("Object Repository/Page_OrangeHRM/input_username"), G_USERNAME): Text 'Admin' is set on object 'Object Repository/Page_OrangeHRM/input_username'

30-01-2024T20:40:32 - [MESSAGE][PASSED] - Text 'Admin' is set on object 'Object Repository/Page_OrangeHRM/input_username'

30-01-2024T20:40:32 - [TEST_STEP][PASSED] - setEncryptedText(findTestObject("Object Repository/Page_OrangeHRM/input_password"), PASSWORD): Text ****** has been set on object 'Object Repository/Page_OrangeHRM/input_password'

30-01-2024T20:40:33 - [MESSAGE][PASSED] - Text ****** has been set on object 'Object Repository/Page_OrangeHRM/input_password'

30-01-2024T20:40:33 - [TEST_STEP][PASSED] - click(findTestObject("Object Repository/Page_OrangeHRM/button_Login")): Object: 'Object Repository/Page_OrangeHRM/button_Login' is clicked on

30-01-2024T20:40:35 - [MESSAGE][PASSED] - Object: 'Object Repository/Page_OrangeHRM/button_Login' is clicked on

30-01-2024T20:40:35 - [TEST_STEP][PASSED] - verifyElementVisible(findTestObject("Object Repository/Page_OrangeHRM/img_oxd-userdropdown-img")): Object 'Object Repository/Page_OrangeHRM/img_oxd-userdropdown-img' is visible

30-01-2024T20:40:37 - [MESSAGE][PASSED] - Object 'Object Repository/Page_OrangeHRM/img_oxd-userdropdown-img' is visible

30-01-2024T20:40:37 - [MESSAGE][PASSED] - Call Test Case 'Test Cases/Login/Login Valid Admin' successfully

30-01-2024T20:40:37 - [TEST_STEP][PASSED] - click(findTestObject("Object Repository/Page_OrangeHRM/a_Admin")): Object: 'Object Repository/Page_OrangeHRM/a_Admin' is clicked on

30-01-2024T20:40:39 - [MESSAGE][PASSED] - Object: 'Object Repository/Page_OrangeHRM/a_Admin' is clicked on

30-01-2024T20:40:39 - [TEST_STEP][PASSED] - verifyElementPresent(findTestObject("Object Repository/Page_OrangeHRM/h5_System Users"), 0): Object 'Object Repository/Page_OrangeHRM/h5_System Users' is present

30-01-2024T20:40:39 - [MESSAGE][WARNING] - Timeout '0' is invalid. Using default page load timeout: '30'

30-01-2024T20:40:41 - [MESSAGE][PASSED] - Object 'Object Repository/Page_OrangeHRM/h5_System Users' is present

30-01-2024T20:40:41 - [MESSAGE][PASSED] - Call Test Case 'Test Cases/Features/Admin/TC_Admin_001_Access Admin Menu' successfully

30-01-2024T20:40:41 - [TEST_STEP][PASSED] - sendKeys(findTestObject("Admin_Menu/User_Management/Users/input_Username"), USERNAME): Keys 'John Doe' sent to object: 'Object Repository/Admin_Menu/User_Management/Users/input_Username'

30-01-2024T20:40:41 - [MESSAGE][PASSED] - Keys 'John Doe' sent to object: 'Object Repository/Admin_Menu/User_Management/Users/input_Username'

30-01-2024T20:40:41 - [TEST_STEP][PASSED] - click(findTestObject("Admin_Menu/User_Management/Users/dropdown_user_role")): Object: 'Object Repository/Admin_Menu/User_Management/Users/dropdown_user_role' is clicked on

30-01-2024T20:40:42 - [MESSAGE][PASSED] - Object: 'Object Repository/Admin_Menu/User_Management/Users/dropdown_user_role' is clicked on

30-01-2024T20:40:42 - [TEST_STEP][PASSED] - click(findTestObject("Admin_Menu/User_Management/Users/span_Admin")): Object: 'Object Repository/Admin_Menu/User_Management/Users/span_Admin' is clicked on

30-01-2024T20:40:43 - [MESSAGE][PASSED] - Object: 'Object Repository/Admin_Menu/User_Management/Users/span_Admin' is clicked on

30-01-2024T20:40:43 - [TEST_STEP][PASSED] - sendKeys(findTestObject("Admin_Menu/User_Management/Users/input_Employee_Name"), EMPLOYEE_NAME): Keys 'Odis Adalwin' sent to object: 'Object Repository/Admin_Menu/User_Management/Users/input_Employee_Name'

30-01-2024T20:40:43 - [MESSAGE][PASSED] - Keys 'Odis Adalwin' sent to object: 'Object Repository/Admin_Menu/User_Management/Users/input_Employee_Name'

30-01-2024T20:40:43 - [TEST_STEP][PASSED] - verifyElementVisible(findTestObject("Admin_Menu/User_Management/Users/span_Odis  Adalwin")): Object 'Object Repository/Admin_Menu/User_Management/Users/span_Odis  Adalwin' is visible

30-01-2024T20:40:45 - [MESSAGE][PASSED] - Object 'Object Repository/Admin_Menu/User_Management/Users/span_Odis  Adalwin' is visible

30-01-2024T20:40:45 - [TEST_STEP][PASSED] - click(findTestObject("Admin_Menu/User_Management/Users/span_Odis  Adalwin")): Object: 'Object Repository/Admin_Menu/User_Management/Users/span_Odis  Adalwin' is clicked on

30-01-2024T20:40:45 - [MESSAGE][PASSED] - Object: 'Object Repository/Admin_Menu/User_Management/Users/span_Odis  Adalwin' is clicked on

30-01-2024T20:40:45 - [TEST_STEP][PASSED] - click(findTestObject("Admin_Menu/User_Management/Users/dropdown_status")): Object: 'Object Repository/Admin_Menu/User_Management/Users/dropdown_status' is clicked on

30-01-2024T20:40:46 - [MESSAGE][PASSED] - Object: 'Object Repository/Admin_Menu/User_Management/Users/dropdown_status' is clicked on

30-01-2024T20:40:46 - [TEST_STEP][PASSED] - click(findTestObject("Admin_Menu/User_Management/Users/span_Enabled")): Object: 'Object Repository/Admin_Menu/User_Management/Users/span_Enabled' is clicked on

30-01-2024T20:40:46 - [MESSAGE][PASSED] - Object: 'Object Repository/Admin_Menu/User_Management/Users/span_Enabled' is clicked on

30-01-2024T20:40:46 - [TEST_STEP][PASSED] - click(findTestObject("Admin_Menu/User_Management/Users/button_Search")): Object: 'Object Repository/Admin_Menu/User_Management/Users/button_Search' is clicked on

30-01-2024T20:40:47 - [MESSAGE][PASSED] - Object: 'Object Repository/Admin_Menu/User_Management/Users/button_Search' is clicked on

30-01-2024T20:40:47 - [MESSAGE][PASSED] - Call Test Case 'Test Cases/Features/Admin/TC_Admin_003_Search User' successfully

30-01-2024T20:40:47 - [TEST_STEP][PASSED] - click(findTestObject("Admin_Menu/User_Management/Users/btn_i_Enabled_oxd-icon bi-edit")): Object: 'Object Repository/Admin_Menu/User_Management/Users/btn_i_Enabled_oxd-icon bi-edit' is clicked on

30-01-2024T20:40:49 - [MESSAGE][PASSED] - Object: 'Object Repository/Admin_Menu/User_Management/Users/btn_i_Enabled_oxd-icon bi-edit' is clicked on

30-01-2024T20:40:49 - [TEST_STEP][PASSED] - verifyElementPresent(findTestObject("Admin_Menu/User_Management/Users/Edit User/div_Admin"), 0): Object 'Object Repository/Admin_Menu/User_Management/Users/Edit User/div_Admin' is present

30-01-2024T20:40:49 - [MESSAGE][WARNING] - Timeout '0' is invalid. Using default page load timeout: '30'

30-01-2024T20:40:50 - [MESSAGE][PASSED] - Object 'Object Repository/Admin_Menu/User_Management/Users/Edit User/div_Admin' is present

30-01-2024T20:40:50 - [TEST_STEP][PASSED] - verifyElementPresent(findTestObject("Admin_Menu/User_Management/Users/Edit User/div_Enabled"), 0): Object 'Object Repository/Admin_Menu/User_Management/Users/Edit User/div_Enabled' is present

30-01-2024T20:40:51 - [MESSAGE][WARNING] - Timeout '0' is invalid. Using default page load timeout: '30'

30-01-2024T20:40:51 - [MESSAGE][PASSED] - Object 'Object Repository/Admin_Menu/User_Management/Users/Edit User/div_Enabled' is present

30-01-2024T20:40:51 - [TEST_STEP][PASSED] - verifyElementPresent(findTestObject("Admin_Menu/User_Management/Users/Edit User/input"), 0): Object 'Object Repository/Admin_Menu/User_Management/Users/Edit User/input' is present

30-01-2024T20:40:51 - [MESSAGE][WARNING] - Timeout '0' is invalid. Using default page load timeout: '30'

30-01-2024T20:40:52 - [MESSAGE][PASSED] - Object 'Object Repository/Admin_Menu/User_Management/Users/Edit User/input' is present

30-01-2024T20:40:52 - [TEST_STEP][PASSED] - verifyElementPresent(findTestObject("Admin_Menu/User_Management/Users/Edit User/input_Username_oxd-input oxd-input--focus"), 0): Object 'Object Repository/Admin_Menu/User_Management/Users/Edit User/input_Username_oxd-input oxd-input--focus' is present

30-01-2024T20:40:52 - [MESSAGE][WARNING] - Timeout '0' is invalid. Using default page load timeout: '30'

30-01-2024T20:40:52 - [MESSAGE][PASSED] - Object 'Object Repository/Admin_Menu/User_Management/Users/Edit User/input_Username_oxd-input oxd-input--focus' is present]]></system-out>
         <system-err><![CDATA[]]></system-err>
      </testcase>
      <testcase name="Test Cases/Features/Admin/TC_Admin_006_Update User" time="46.447" classname="Test Cases/Features/Admin/TC_Admin_006_Update User" status="PASSED">
         <system-out><![CDATA[30-01-2024T20:40:52 - [TEST_CASE][PASSED] - Test Cases/Features/Admin/TC_Admin_006_Update User: Test Cases/Features/Admin/TC_Admin_006_Update User

30-01-2024T20:40:52 - [TEST_STEP][PASSED] - callTestCase(findTestCase("Features/Admin/TC_Admin_005_Ensure Data Edit User"), [:], STOP_ON_FAILURE): Call Test Case 'Test Cases/Features/Admin/TC_Admin_005_Ensure Data Edit User' successfully

30-01-2024T20:40:52 - [TEST_CASE][PASSED] - Test Cases/Features/Admin/TC_Admin_005_Ensure Data Edit User: Test Cases/Features/Admin/TC_Admin_005_Ensure Data Edit User

30-01-2024T20:40:52 - [TEST_STEP][PASSED] - callTestCase(findTestCase("Features/Admin/TC_Admin_003_Search User"), [:], STOP_ON_FAILURE): Call Test Case 'Test Cases/Features/Admin/TC_Admin_003_Search User' successfully

30-01-2024T20:40:52 - [TEST_CASE][PASSED] - Test Cases/Features/Admin/TC_Admin_003_Search User: Test Cases/Features/Admin/TC_Admin_003_Search User

30-01-2024T20:40:52 - [TEST_STEP][PASSED] - callTestCase(findTestCase("Features/Admin/TC_Admin_001_Access Admin Menu"), [:], STOP_ON_FAILURE): Call Test Case 'Test Cases/Features/Admin/TC_Admin_001_Access Admin Menu' successfully

30-01-2024T20:40:52 - [TEST_CASE][PASSED] - Test Cases/Features/Admin/TC_Admin_001_Access Admin Menu: Test Cases/Features/Admin/TC_Admin_001_Access Admin Menu

30-01-2024T20:40:53 - [TEST_STEP][PASSED] - callTestCase(findTestCase("Login/Login Valid Admin"), [:], STOP_ON_FAILURE): Call Test Case 'Test Cases/Login/Login Valid Admin' successfully

30-01-2024T20:40:53 - [TEST_CASE][PASSED] - Test Cases/Login/Login Valid Admin: Test Cases/Login/Login Valid Admin

30-01-2024T20:40:53 - [TEST_STEP][PASSED] - openBrowser(""): Browser is opened with url: ''

30-01-2024T20:40:53 - [MESSAGE][WARNING] - A browser is already opened. Closing browser and opening a new one

30-01-2024T20:40:54 - [MESSAGE][INFO] - Starting 'Firefox' driver

30-01-2024T20:40:54 - [MESSAGE][INFO] - Action delay is set to 0 milliseconds

30-01-2024T20:40:58 - [MESSAGE][PASSED] - Browser is opened with url: ''

30-01-2024T20:40:58 - [TEST_STEP][PASSED] - navigateToUrl(BASE_URL): Navigate to 'https://opensource-demo.orangehrmlive.com/web/index.php/auth/login' successfully

30-01-2024T20:41:14 - [MESSAGE][PASSED] - Navigate to 'https://opensource-demo.orangehrmlive.com/web/index.php/auth/login' successfully

30-01-2024T20:41:14 - [TEST_STEP][PASSED] - setText(findTestObject("Object Repository/Page_OrangeHRM/input_username"), G_USERNAME): Text 'Admin' is set on object 'Object Repository/Page_OrangeHRM/input_username'

30-01-2024T20:41:15 - [MESSAGE][PASSED] - Text 'Admin' is set on object 'Object Repository/Page_OrangeHRM/input_username'

30-01-2024T20:41:15 - [TEST_STEP][PASSED] - setEncryptedText(findTestObject("Object Repository/Page_OrangeHRM/input_password"), PASSWORD): Text ****** has been set on object 'Object Repository/Page_OrangeHRM/input_password'

30-01-2024T20:41:15 - [MESSAGE][PASSED] - Text ****** has been set on object 'Object Repository/Page_OrangeHRM/input_password'

30-01-2024T20:41:15 - [TEST_STEP][PASSED] - click(findTestObject("Object Repository/Page_OrangeHRM/button_Login")): Object: 'Object Repository/Page_OrangeHRM/button_Login' is clicked on

30-01-2024T20:41:18 - [MESSAGE][PASSED] - Object: 'Object Repository/Page_OrangeHRM/button_Login' is clicked on

30-01-2024T20:41:18 - [TEST_STEP][PASSED] - verifyElementVisible(findTestObject("Object Repository/Page_OrangeHRM/img_oxd-userdropdown-img")): Object 'Object Repository/Page_OrangeHRM/img_oxd-userdropdown-img' is visible

30-01-2024T20:41:20 - [MESSAGE][PASSED] - Object 'Object Repository/Page_OrangeHRM/img_oxd-userdropdown-img' is visible

30-01-2024T20:41:20 - [MESSAGE][PASSED] - Call Test Case 'Test Cases/Login/Login Valid Admin' successfully

30-01-2024T20:41:20 - [TEST_STEP][PASSED] - click(findTestObject("Object Repository/Page_OrangeHRM/a_Admin")): Object: 'Object Repository/Page_OrangeHRM/a_Admin' is clicked on

30-01-2024T20:41:22 - [MESSAGE][PASSED] - Object: 'Object Repository/Page_OrangeHRM/a_Admin' is clicked on

30-01-2024T20:41:22 - [TEST_STEP][PASSED] - verifyElementPresent(findTestObject("Object Repository/Page_OrangeHRM/h5_System Users"), 0): Object 'Object Repository/Page_OrangeHRM/h5_System Users' is present

30-01-2024T20:41:22 - [MESSAGE][WARNING] - Timeout '0' is invalid. Using default page load timeout: '30'

30-01-2024T20:41:24 - [MESSAGE][PASSED] - Object 'Object Repository/Page_OrangeHRM/h5_System Users' is present

30-01-2024T20:41:24 - [MESSAGE][PASSED] - Call Test Case 'Test Cases/Features/Admin/TC_Admin_001_Access Admin Menu' successfully

30-01-2024T20:41:24 - [TEST_STEP][PASSED] - sendKeys(findTestObject("Admin_Menu/User_Management/Users/input_Username"), USERNAME): Keys 'John Doe' sent to object: 'Object Repository/Admin_Menu/User_Management/Users/input_Username'

30-01-2024T20:41:24 - [MESSAGE][PASSED] - Keys 'John Doe' sent to object: 'Object Repository/Admin_Menu/User_Management/Users/input_Username'

30-01-2024T20:41:24 - [TEST_STEP][PASSED] - click(findTestObject("Admin_Menu/User_Management/Users/dropdown_user_role")): Object: 'Object Repository/Admin_Menu/User_Management/Users/dropdown_user_role' is clicked on

30-01-2024T20:41:25 - [MESSAGE][PASSED] - Object: 'Object Repository/Admin_Menu/User_Management/Users/dropdown_user_role' is clicked on

30-01-2024T20:41:25 - [TEST_STEP][PASSED] - click(findTestObject("Admin_Menu/User_Management/Users/span_Admin")): Object: 'Object Repository/Admin_Menu/User_Management/Users/span_Admin' is clicked on

30-01-2024T20:41:25 - [MESSAGE][PASSED] - Object: 'Object Repository/Admin_Menu/User_Management/Users/span_Admin' is clicked on

30-01-2024T20:41:25 - [TEST_STEP][PASSED] - sendKeys(findTestObject("Admin_Menu/User_Management/Users/input_Employee_Name"), EMPLOYEE_NAME): Keys 'Odis Adalwin' sent to object: 'Object Repository/Admin_Menu/User_Management/Users/input_Employee_Name'

30-01-2024T20:41:26 - [MESSAGE][PASSED] - Keys 'Odis Adalwin' sent to object: 'Object Repository/Admin_Menu/User_Management/Users/input_Employee_Name'

30-01-2024T20:41:26 - [TEST_STEP][PASSED] - verifyElementVisible(findTestObject("Admin_Menu/User_Management/Users/span_Odis  Adalwin")): Object 'Object Repository/Admin_Menu/User_Management/Users/span_Odis  Adalwin' is visible

30-01-2024T20:41:27 - [MESSAGE][PASSED] - Object 'Object Repository/Admin_Menu/User_Management/Users/span_Odis  Adalwin' is visible

30-01-2024T20:41:27 - [TEST_STEP][PASSED] - click(findTestObject("Admin_Menu/User_Management/Users/span_Odis  Adalwin")): Object: 'Object Repository/Admin_Menu/User_Management/Users/span_Odis  Adalwin' is clicked on

30-01-2024T20:41:28 - [MESSAGE][PASSED] - Object: 'Object Repository/Admin_Menu/User_Management/Users/span_Odis  Adalwin' is clicked on

30-01-2024T20:41:28 - [TEST_STEP][PASSED] - click(findTestObject("Admin_Menu/User_Management/Users/dropdown_status")): Object: 'Object Repository/Admin_Menu/User_Management/Users/dropdown_status' is clicked on

30-01-2024T20:41:28 - [MESSAGE][PASSED] - Object: 'Object Repository/Admin_Menu/User_Management/Users/dropdown_status' is clicked on

30-01-2024T20:41:28 - [TEST_STEP][PASSED] - click(findTestObject("Admin_Menu/User_Management/Users/span_Enabled")): Object: 'Object Repository/Admin_Menu/User_Management/Users/span_Enabled' is clicked on

30-01-2024T20:41:29 - [MESSAGE][PASSED] - Object: 'Object Repository/Admin_Menu/User_Management/Users/span_Enabled' is clicked on

30-01-2024T20:41:29 - [TEST_STEP][PASSED] - click(findTestObject("Admin_Menu/User_Management/Users/button_Search")): Object: 'Object Repository/Admin_Menu/User_Management/Users/button_Search' is clicked on

30-01-2024T20:41:30 - [MESSAGE][PASSED] - Object: 'Object Repository/Admin_Menu/User_Management/Users/button_Search' is clicked on

30-01-2024T20:41:30 - [MESSAGE][PASSED] - Call Test Case 'Test Cases/Features/Admin/TC_Admin_003_Search User' successfully

30-01-2024T20:41:30 - [TEST_STEP][PASSED] - click(findTestObject("Admin_Menu/User_Management/Users/btn_i_Enabled_oxd-icon bi-edit")): Object: 'Object Repository/Admin_Menu/User_Management/Users/btn_i_Enabled_oxd-icon bi-edit' is clicked on

30-01-2024T20:41:31 - [MESSAGE][PASSED] - Object: 'Object Repository/Admin_Menu/User_Management/Users/btn_i_Enabled_oxd-icon bi-edit' is clicked on

30-01-2024T20:41:31 - [TEST_STEP][PASSED] - verifyElementPresent(findTestObject("Admin_Menu/User_Management/Users/Edit User/div_Admin"), 0): Object 'Object Repository/Admin_Menu/User_Management/Users/Edit User/div_Admin' is present

30-01-2024T20:41:31 - [MESSAGE][WARNING] - Timeout '0' is invalid. Using default page load timeout: '30'

30-01-2024T20:41:33 - [MESSAGE][PASSED] - Object 'Object Repository/Admin_Menu/User_Management/Users/Edit User/div_Admin' is present

30-01-2024T20:41:33 - [TEST_STEP][PASSED] - verifyElementPresent(findTestObject("Admin_Menu/User_Management/Users/Edit User/div_Enabled"), 0): Object 'Object Repository/Admin_Menu/User_Management/Users/Edit User/div_Enabled' is present

30-01-2024T20:41:33 - [MESSAGE][WARNING] - Timeout '0' is invalid. Using default page load timeout: '30'

30-01-2024T20:41:33 - [MESSAGE][PASSED] - Object 'Object Repository/Admin_Menu/User_Management/Users/Edit User/div_Enabled' is present

30-01-2024T20:41:33 - [TEST_STEP][PASSED] - verifyElementPresent(findTestObject("Admin_Menu/User_Management/Users/Edit User/input"), 0): Object 'Object Repository/Admin_Menu/User_Management/Users/Edit User/input' is present

30-01-2024T20:41:33 - [MESSAGE][WARNING] - Timeout '0' is invalid. Using default page load timeout: '30'

30-01-2024T20:41:34 - [MESSAGE][PASSED] - Object 'Object Repository/Admin_Menu/User_Management/Users/Edit User/input' is present

30-01-2024T20:41:34 - [TEST_STEP][PASSED] - verifyElementPresent(findTestObject("Admin_Menu/User_Management/Users/Edit User/input_Username_oxd-input oxd-input--focus"), 0): Object 'Object Repository/Admin_Menu/User_Management/Users/Edit User/input_Username_oxd-input oxd-input--focus' is present

30-01-2024T20:41:34 - [MESSAGE][WARNING] - Timeout '0' is invalid. Using default page load timeout: '30'

30-01-2024T20:41:34 - [MESSAGE][PASSED] - Object 'Object Repository/Admin_Menu/User_Management/Users/Edit User/input_Username_oxd-input oxd-input--focus' is present

30-01-2024T20:41:34 - [MESSAGE][PASSED] - Call Test Case 'Test Cases/Features/Admin/TC_Admin_005_Ensure Data Edit User' successfully

30-01-2024T20:41:34 - [TEST_STEP][PASSED] - click(findTestObject("Admin_Menu/User_Management/Users/Edit User/div_Admin")): Object: 'Object Repository/Admin_Menu/User_Management/Users/Edit User/div_Admin' is clicked on

30-01-2024T20:41:34 - [MESSAGE][PASSED] - Object: 'Object Repository/Admin_Menu/User_Management/Users/Edit User/div_Admin' is clicked on

30-01-2024T20:41:34 - [TEST_STEP][PASSED] - click(findTestObject("Admin_Menu/User_Management/Users/Edit User/span_ESS")): Object: 'Object Repository/Admin_Menu/User_Management/Users/Edit User/span_ESS' is clicked on

30-01-2024T20:41:35 - [MESSAGE][PASSED] - Object: 'Object Repository/Admin_Menu/User_Management/Users/Edit User/span_ESS' is clicked on

30-01-2024T20:41:35 - [TEST_STEP][PASSED] - click(findTestObject("Admin_Menu/User_Management/Users/Edit User/div_Enabled")): Object: 'Object Repository/Admin_Menu/User_Management/Users/Edit User/div_Enabled' is clicked on

30-01-2024T20:41:36 - [MESSAGE][PASSED] - Object: 'Object Repository/Admin_Menu/User_Management/Users/Edit User/div_Enabled' is clicked on

30-01-2024T20:41:36 - [TEST_STEP][PASSED] - click(findTestObject("Admin_Menu/User_Management/Users/Edit User/span_Disabled")): Object: 'Object Repository/Admin_Menu/User_Management/Users/Edit User/span_Disabled' is clicked on

30-01-2024T20:41:36 - [MESSAGE][PASSED] - Object: 'Object Repository/Admin_Menu/User_Management/Users/Edit User/span_Disabled' is clicked on

30-01-2024T20:41:36 - [TEST_STEP][PASSED] - click(findTestObject("Admin_Menu/User_Management/Users/Edit User/button_Save")): Object: 'Object Repository/Admin_Menu/User_Management/Users/Edit User/button_Save' is clicked on

30-01-2024T20:41:37 - [MESSAGE][PASSED] - Object: 'Object Repository/Admin_Menu/User_Management/Users/Edit User/button_Save' is clicked on

30-01-2024T20:41:37 - [TEST_STEP][PASSED] - verifyElementPresent(findTestObject("Admin_Menu/User_Management/Users/Add User/popup_SuccessSuccessfully Saved"), 0): Object 'Object Repository/Admin_Menu/User_Management/Users/Add User/popup_SuccessSuccessfully Saved' is present

30-01-2024T20:41:37 - [MESSAGE][WARNING] - Timeout '0' is invalid. Using default page load timeout: '30'

30-01-2024T20:41:38 - [MESSAGE][PASSED] - Object 'Object Repository/Admin_Menu/User_Management/Users/Add User/popup_SuccessSuccessfully Saved' is present]]></system-out>
         <system-err><![CDATA[]]></system-err>
      </testcase>
      <testcase name="Test Cases/Features/Admin/TC_Admin_007_Search Updated User" time="35.432" classname="Test Cases/Features/Admin/TC_Admin_007_Search Updated User" status="PASSED">
         <system-out><![CDATA[30-01-2024T20:41:38 - [TEST_CASE][PASSED] - Test Cases/Features/Admin/TC_Admin_007_Search Updated User: Test Cases/Features/Admin/TC_Admin_007_Search Updated User

30-01-2024T20:41:39 - [TEST_STEP][PASSED] - callTestCase(findTestCase("Features/Admin/TC_Admin_001_Access Admin Menu"), [:], STOP_ON_FAILURE): Call Test Case 'Test Cases/Features/Admin/TC_Admin_001_Access Admin Menu' successfully

30-01-2024T20:41:39 - [TEST_CASE][PASSED] - Test Cases/Features/Admin/TC_Admin_001_Access Admin Menu: Test Cases/Features/Admin/TC_Admin_001_Access Admin Menu

30-01-2024T20:41:39 - [TEST_STEP][PASSED] - callTestCase(findTestCase("Login/Login Valid Admin"), [:], STOP_ON_FAILURE): Call Test Case 'Test Cases/Login/Login Valid Admin' successfully

30-01-2024T20:41:39 - [TEST_CASE][PASSED] - Test Cases/Login/Login Valid Admin: Test Cases/Login/Login Valid Admin

30-01-2024T20:41:39 - [TEST_STEP][PASSED] - openBrowser(""): Browser is opened with url: ''

30-01-2024T20:41:39 - [MESSAGE][WARNING] - A browser is already opened. Closing browser and opening a new one

30-01-2024T20:41:40 - [MESSAGE][INFO] - Starting 'Firefox' driver

30-01-2024T20:41:40 - [MESSAGE][INFO] - Action delay is set to 0 milliseconds

30-01-2024T20:41:44 - [MESSAGE][PASSED] - Browser is opened with url: ''

30-01-2024T20:41:44 - [TEST_STEP][PASSED] - navigateToUrl(BASE_URL): Navigate to 'https://opensource-demo.orangehrmlive.com/web/index.php/auth/login' successfully

30-01-2024T20:41:57 - [MESSAGE][PASSED] - Navigate to 'https://opensource-demo.orangehrmlive.com/web/index.php/auth/login' successfully

30-01-2024T20:41:57 - [TEST_STEP][PASSED] - setText(findTestObject("Object Repository/Page_OrangeHRM/input_username"), G_USERNAME): Text 'Admin' is set on object 'Object Repository/Page_OrangeHRM/input_username'

30-01-2024T20:41:59 - [MESSAGE][PASSED] - Text 'Admin' is set on object 'Object Repository/Page_OrangeHRM/input_username'

30-01-2024T20:41:59 - [TEST_STEP][PASSED] - setEncryptedText(findTestObject("Object Repository/Page_OrangeHRM/input_password"), PASSWORD): Text ****** has been set on object 'Object Repository/Page_OrangeHRM/input_password'

30-01-2024T20:42:00 - [MESSAGE][PASSED] - Text ****** has been set on object 'Object Repository/Page_OrangeHRM/input_password'

30-01-2024T20:42:00 - [TEST_STEP][PASSED] - click(findTestObject("Object Repository/Page_OrangeHRM/button_Login")): Object: 'Object Repository/Page_OrangeHRM/button_Login' is clicked on

30-01-2024T20:42:02 - [MESSAGE][PASSED] - Object: 'Object Repository/Page_OrangeHRM/button_Login' is clicked on

30-01-2024T20:42:02 - [TEST_STEP][PASSED] - verifyElementVisible(findTestObject("Object Repository/Page_OrangeHRM/img_oxd-userdropdown-img")): Object 'Object Repository/Page_OrangeHRM/img_oxd-userdropdown-img' is visible

30-01-2024T20:42:04 - [MESSAGE][PASSED] - Object 'Object Repository/Page_OrangeHRM/img_oxd-userdropdown-img' is visible

30-01-2024T20:42:04 - [MESSAGE][PASSED] - Call Test Case 'Test Cases/Login/Login Valid Admin' successfully

30-01-2024T20:42:04 - [TEST_STEP][PASSED] - click(findTestObject("Object Repository/Page_OrangeHRM/a_Admin")): Object: 'Object Repository/Page_OrangeHRM/a_Admin' is clicked on

30-01-2024T20:42:06 - [MESSAGE][PASSED] - Object: 'Object Repository/Page_OrangeHRM/a_Admin' is clicked on

30-01-2024T20:42:06 - [TEST_STEP][PASSED] - verifyElementPresent(findTestObject("Object Repository/Page_OrangeHRM/h5_System Users"), 0): Object 'Object Repository/Page_OrangeHRM/h5_System Users' is present

30-01-2024T20:42:06 - [MESSAGE][WARNING] - Timeout '0' is invalid. Using default page load timeout: '30'

30-01-2024T20:42:08 - [MESSAGE][PASSED] - Object 'Object Repository/Page_OrangeHRM/h5_System Users' is present

30-01-2024T20:42:08 - [MESSAGE][PASSED] - Call Test Case 'Test Cases/Features/Admin/TC_Admin_001_Access Admin Menu' successfully

30-01-2024T20:42:08 - [TEST_STEP][PASSED] - sendKeys(findTestObject("Admin_Menu/User_Management/Users/input_Username"), USERNAME): Keys 'John Doe' sent to object: 'Object Repository/Admin_Menu/User_Management/Users/input_Username'

30-01-2024T20:42:08 - [MESSAGE][PASSED] - Keys 'John Doe' sent to object: 'Object Repository/Admin_Menu/User_Management/Users/input_Username'

30-01-2024T20:42:08 - [TEST_STEP][PASSED] - click(findTestObject("Admin_Menu/User_Management/Users/dropdown_user_role")): Object: 'Object Repository/Admin_Menu/User_Management/Users/dropdown_user_role' is clicked on

30-01-2024T20:42:09 - [MESSAGE][PASSED] - Object: 'Object Repository/Admin_Menu/User_Management/Users/dropdown_user_role' is clicked on

30-01-2024T20:42:09 - [TEST_STEP][PASSED] - click(findTestObject("Admin_Menu/User_Management/Users/span_ESS")): Object: 'Object Repository/Admin_Menu/User_Management/Users/span_ESS' is clicked on

30-01-2024T20:42:09 - [MESSAGE][PASSED] - Object: 'Object Repository/Admin_Menu/User_Management/Users/span_ESS' is clicked on

30-01-2024T20:42:09 - [TEST_STEP][PASSED] - sendKeys(findTestObject("Admin_Menu/User_Management/Users/input_Employee_Name"), EMPLOYEE_NAME): Keys 'Odis Adalwin' sent to object: 'Object Repository/Admin_Menu/User_Management/Users/input_Employee_Name'

30-01-2024T20:42:10 - [MESSAGE][PASSED] - Keys 'Odis Adalwin' sent to object: 'Object Repository/Admin_Menu/User_Management/Users/input_Employee_Name'

30-01-2024T20:42:10 - [TEST_STEP][PASSED] - verifyElementVisible(findTestObject("Admin_Menu/User_Management/Users/span_Odis  Adalwin")): Object 'Object Repository/Admin_Menu/User_Management/Users/span_Odis  Adalwin' is visible

30-01-2024T20:42:11 - [MESSAGE][PASSED] - Object 'Object Repository/Admin_Menu/User_Management/Users/span_Odis  Adalwin' is visible

30-01-2024T20:42:11 - [TEST_STEP][PASSED] - click(findTestObject("Admin_Menu/User_Management/Users/span_Odis  Adalwin")): Object: 'Object Repository/Admin_Menu/User_Management/Users/span_Odis  Adalwin' is clicked on

30-01-2024T20:42:12 - [MESSAGE][PASSED] - Object: 'Object Repository/Admin_Menu/User_Management/Users/span_Odis  Adalwin' is clicked on

30-01-2024T20:42:12 - [TEST_STEP][PASSED] - click(findTestObject("Admin_Menu/User_Management/Users/dropdown_status")): Object: 'Object Repository/Admin_Menu/User_Management/Users/dropdown_status' is clicked on

30-01-2024T20:42:13 - [MESSAGE][PASSED] - Object: 'Object Repository/Admin_Menu/User_Management/Users/dropdown_status' is clicked on

30-01-2024T20:42:13 - [TEST_STEP][PASSED] - click(findTestObject("Admin_Menu/User_Management/Users/span_Disabled")): Object: 'Object Repository/Admin_Menu/User_Management/Users/span_Disabled' is clicked on

30-01-2024T20:42:13 - [MESSAGE][PASSED] - Object: 'Object Repository/Admin_Menu/User_Management/Users/span_Disabled' is clicked on

30-01-2024T20:42:13 - [TEST_STEP][PASSED] - click(findTestObject("Admin_Menu/User_Management/Users/button_Search")): Object: 'Object Repository/Admin_Menu/User_Management/Users/button_Search' is clicked on

30-01-2024T20:42:14 - [MESSAGE][PASSED] - Object: 'Object Repository/Admin_Menu/User_Management/Users/button_Search' is clicked on]]></system-out>
         <system-err><![CDATA[]]></system-err>
      </testcase>
      <testcase name="Test Cases/Features/Admin/TC_Admin_008_Ensure Data User Updated" time="44.39" classname="Test Cases/Features/Admin/TC_Admin_008_Ensure Data User Updated" status="PASSED">
         <system-out><![CDATA[30-01-2024T20:42:14 - [TEST_CASE][PASSED] - Test Cases/Features/Admin/TC_Admin_008_Ensure Data User Updated: Test Cases/Features/Admin/TC_Admin_008_Ensure Data User Updated

30-01-2024T20:42:14 - [TEST_STEP][PASSED] - callTestCase(findTestCase("Features/Admin/TC_Admin_007_Search Updated User"), [:], STOP_ON_FAILURE): Call Test Case 'Test Cases/Features/Admin/TC_Admin_007_Search Updated User' successfully

30-01-2024T20:42:14 - [TEST_CASE][PASSED] - Test Cases/Features/Admin/TC_Admin_007_Search Updated User: Test Cases/Features/Admin/TC_Admin_007_Search Updated User

30-01-2024T20:42:14 - [TEST_STEP][PASSED] - callTestCase(findTestCase("Features/Admin/TC_Admin_001_Access Admin Menu"), [:], STOP_ON_FAILURE): Call Test Case 'Test Cases/Features/Admin/TC_Admin_001_Access Admin Menu' successfully

30-01-2024T20:42:14 - [TEST_CASE][PASSED] - Test Cases/Features/Admin/TC_Admin_001_Access Admin Menu: Test Cases/Features/Admin/TC_Admin_001_Access Admin Menu

30-01-2024T20:42:14 - [TEST_STEP][PASSED] - callTestCase(findTestCase("Login/Login Valid Admin"), [:], STOP_ON_FAILURE): Call Test Case 'Test Cases/Login/Login Valid Admin' successfully

30-01-2024T20:42:14 - [TEST_CASE][PASSED] - Test Cases/Login/Login Valid Admin: Test Cases/Login/Login Valid Admin

30-01-2024T20:42:14 - [TEST_STEP][PASSED] - openBrowser(""): Browser is opened with url: ''

30-01-2024T20:42:14 - [MESSAGE][WARNING] - A browser is already opened. Closing browser and opening a new one

30-01-2024T20:42:16 - [MESSAGE][INFO] - Starting 'Firefox' driver

30-01-2024T20:42:16 - [MESSAGE][INFO] - Action delay is set to 0 milliseconds

30-01-2024T20:42:19 - [MESSAGE][PASSED] - Browser is opened with url: ''

30-01-2024T20:42:19 - [TEST_STEP][PASSED] - navigateToUrl(BASE_URL): Navigate to 'https://opensource-demo.orangehrmlive.com/web/index.php/auth/login' successfully

30-01-2024T20:42:40 - [MESSAGE][PASSED] - Navigate to 'https://opensource-demo.orangehrmlive.com/web/index.php/auth/login' successfully

30-01-2024T20:42:40 - [TEST_STEP][PASSED] - setText(findTestObject("Object Repository/Page_OrangeHRM/input_username"), G_USERNAME): Text 'Admin' is set on object 'Object Repository/Page_OrangeHRM/input_username'

30-01-2024T20:42:42 - [MESSAGE][PASSED] - Text 'Admin' is set on object 'Object Repository/Page_OrangeHRM/input_username'

30-01-2024T20:42:42 - [TEST_STEP][PASSED] - setEncryptedText(findTestObject("Object Repository/Page_OrangeHRM/input_password"), PASSWORD): Text ****** has been set on object 'Object Repository/Page_OrangeHRM/input_password'

30-01-2024T20:42:42 - [MESSAGE][PASSED] - Text ****** has been set on object 'Object Repository/Page_OrangeHRM/input_password'

30-01-2024T20:42:42 - [TEST_STEP][PASSED] - click(findTestObject("Object Repository/Page_OrangeHRM/button_Login")): Object: 'Object Repository/Page_OrangeHRM/button_Login' is clicked on

30-01-2024T20:42:44 - [MESSAGE][PASSED] - Object: 'Object Repository/Page_OrangeHRM/button_Login' is clicked on

30-01-2024T20:42:44 - [TEST_STEP][PASSED] - verifyElementVisible(findTestObject("Object Repository/Page_OrangeHRM/img_oxd-userdropdown-img")): Object 'Object Repository/Page_OrangeHRM/img_oxd-userdropdown-img' is visible

30-01-2024T20:42:47 - [MESSAGE][PASSED] - Object 'Object Repository/Page_OrangeHRM/img_oxd-userdropdown-img' is visible

30-01-2024T20:42:47 - [MESSAGE][PASSED] - Call Test Case 'Test Cases/Login/Login Valid Admin' successfully

30-01-2024T20:42:47 - [TEST_STEP][PASSED] - click(findTestObject("Object Repository/Page_OrangeHRM/a_Admin")): Object: 'Object Repository/Page_OrangeHRM/a_Admin' is clicked on

30-01-2024T20:42:48 - [MESSAGE][PASSED] - Object: 'Object Repository/Page_OrangeHRM/a_Admin' is clicked on

30-01-2024T20:42:48 - [TEST_STEP][PASSED] - verifyElementPresent(findTestObject("Object Repository/Page_OrangeHRM/h5_System Users"), 0): Object 'Object Repository/Page_OrangeHRM/h5_System Users' is present

30-01-2024T20:42:49 - [MESSAGE][WARNING] - Timeout '0' is invalid. Using default page load timeout: '30'

30-01-2024T20:42:50 - [MESSAGE][PASSED] - Object 'Object Repository/Page_OrangeHRM/h5_System Users' is present

30-01-2024T20:42:50 - [MESSAGE][PASSED] - Call Test Case 'Test Cases/Features/Admin/TC_Admin_001_Access Admin Menu' successfully

30-01-2024T20:42:50 - [TEST_STEP][PASSED] - sendKeys(findTestObject("Admin_Menu/User_Management/Users/input_Username"), USERNAME): Keys 'John Doe' sent to object: 'Object Repository/Admin_Menu/User_Management/Users/input_Username'

30-01-2024T20:42:51 - [MESSAGE][PASSED] - Keys 'John Doe' sent to object: 'Object Repository/Admin_Menu/User_Management/Users/input_Username'

30-01-2024T20:42:51 - [TEST_STEP][PASSED] - click(findTestObject("Admin_Menu/User_Management/Users/dropdown_user_role")): Object: 'Object Repository/Admin_Menu/User_Management/Users/dropdown_user_role' is clicked on

30-01-2024T20:42:51 - [MESSAGE][PASSED] - Object: 'Object Repository/Admin_Menu/User_Management/Users/dropdown_user_role' is clicked on

30-01-2024T20:42:51 - [TEST_STEP][PASSED] - click(findTestObject("Admin_Menu/User_Management/Users/span_ESS")): Object: 'Object Repository/Admin_Menu/User_Management/Users/span_ESS' is clicked on

30-01-2024T20:42:52 - [MESSAGE][PASSED] - Object: 'Object Repository/Admin_Menu/User_Management/Users/span_ESS' is clicked on

30-01-2024T20:42:52 - [TEST_STEP][PASSED] - sendKeys(findTestObject("Admin_Menu/User_Management/Users/input_Employee_Name"), EMPLOYEE_NAME): Keys 'Odis Adalwin' sent to object: 'Object Repository/Admin_Menu/User_Management/Users/input_Employee_Name'

30-01-2024T20:42:52 - [MESSAGE][PASSED] - Keys 'Odis Adalwin' sent to object: 'Object Repository/Admin_Menu/User_Management/Users/input_Employee_Name'

30-01-2024T20:42:52 - [TEST_STEP][PASSED] - verifyElementVisible(findTestObject("Admin_Menu/User_Management/Users/span_Odis  Adalwin")): Object 'Object Repository/Admin_Menu/User_Management/Users/span_Odis  Adalwin' is visible

30-01-2024T20:42:54 - [MESSAGE][PASSED] - Object 'Object Repository/Admin_Menu/User_Management/Users/span_Odis  Adalwin' is visible

30-01-2024T20:42:54 - [TEST_STEP][PASSED] - click(findTestObject("Admin_Menu/User_Management/Users/span_Odis  Adalwin")): Object: 'Object Repository/Admin_Menu/User_Management/Users/span_Odis  Adalwin' is clicked on

30-01-2024T20:42:55 - [MESSAGE][PASSED] - Object: 'Object Repository/Admin_Menu/User_Management/Users/span_Odis  Adalwin' is clicked on

30-01-2024T20:42:55 - [TEST_STEP][PASSED] - click(findTestObject("Admin_Menu/User_Management/Users/dropdown_status")): Object: 'Object Repository/Admin_Menu/User_Management/Users/dropdown_status' is clicked on

30-01-2024T20:42:55 - [MESSAGE][PASSED] - Object: 'Object Repository/Admin_Menu/User_Management/Users/dropdown_status' is clicked on

30-01-2024T20:42:55 - [TEST_STEP][PASSED] - click(findTestObject("Admin_Menu/User_Management/Users/span_Disabled")): Object: 'Object Repository/Admin_Menu/User_Management/Users/span_Disabled' is clicked on

30-01-2024T20:42:56 - [MESSAGE][PASSED] - Object: 'Object Repository/Admin_Menu/User_Management/Users/span_Disabled' is clicked on

30-01-2024T20:42:56 - [TEST_STEP][PASSED] - click(findTestObject("Admin_Menu/User_Management/Users/button_Search")): Object: 'Object Repository/Admin_Menu/User_Management/Users/button_Search' is clicked on

30-01-2024T20:42:56 - [MESSAGE][PASSED] - Object: 'Object Repository/Admin_Menu/User_Management/Users/button_Search' is clicked on

30-01-2024T20:42:56 - [MESSAGE][PASSED] - Call Test Case 'Test Cases/Features/Admin/TC_Admin_007_Search Updated User' successfully

30-01-2024T20:42:56 - [TEST_STEP][PASSED] - verifyElementPresent(findTestObject("Admin_Menu/User_Management/Users/div_John Doe"), 0): Object 'Object Repository/Admin_Menu/User_Management/Users/div_John Doe' is present

30-01-2024T20:42:56 - [MESSAGE][WARNING] - Timeout '0' is invalid. Using default page load timeout: '30'

30-01-2024T20:42:57 - [MESSAGE][PASSED] - Object 'Object Repository/Admin_Menu/User_Management/Users/div_John Doe' is present

30-01-2024T20:42:57 - [TEST_STEP][PASSED] - verifyElementPresent(findTestObject("Admin_Menu/User_Management/Users/div_ESS"), 0): Object 'Object Repository/Admin_Menu/User_Management/Users/div_ESS' is present

30-01-2024T20:42:57 - [MESSAGE][WARNING] - Timeout '0' is invalid. Using default page load timeout: '30'

30-01-2024T20:42:57 - [MESSAGE][PASSED] - Object 'Object Repository/Admin_Menu/User_Management/Users/div_ESS' is present

30-01-2024T20:42:57 - [TEST_STEP][PASSED] - verifyElementPresent(findTestObject("Admin_Menu/User_Management/Users/div_Odis Adalwin"), 0): Object 'Object Repository/Admin_Menu/User_Management/Users/div_Odis Adalwin' is present

30-01-2024T20:42:57 - [MESSAGE][WARNING] - Timeout '0' is invalid. Using default page load timeout: '30'

30-01-2024T20:42:58 - [MESSAGE][PASSED] - Object 'Object Repository/Admin_Menu/User_Management/Users/div_Odis Adalwin' is present

30-01-2024T20:42:58 - [TEST_STEP][PASSED] - verifyElementPresent(findTestObject("Admin_Menu/User_Management/Users/div_Disable"), 0): Object 'Object Repository/Admin_Menu/User_Management/Users/div_Disable' is present

30-01-2024T20:42:58 - [MESSAGE][WARNING] - Timeout '0' is invalid. Using default page load timeout: '30'

30-01-2024T20:42:58 - [MESSAGE][PASSED] - Object 'Object Repository/Admin_Menu/User_Management/Users/div_Disable' is present]]></system-out>
         <system-err><![CDATA[]]></system-err>
      </testcase>
      <testcase name="Test Cases/Features/Admin/TC_Admin_009_Delete User" time="68.115" classname="Test Cases/Features/Admin/TC_Admin_009_Delete User" status="PASSED">
         <system-out><![CDATA[30-01-2024T20:42:58 - [TEST_CASE][PASSED] - Test Cases/Features/Admin/TC_Admin_009_Delete User: Test Cases/Features/Admin/TC_Admin_009_Delete User

30-01-2024T20:42:59 - [TEST_STEP][PASSED] - callTestCase(findTestCase("Features/Admin/TC_Admin_008_Ensure Data User Updated"), [:], STOP_ON_FAILURE): Call Test Case 'Test Cases/Features/Admin/TC_Admin_008_Ensure Data User Updated' successfully

30-01-2024T20:42:59 - [TEST_CASE][PASSED] - Test Cases/Features/Admin/TC_Admin_008_Ensure Data User Updated: Test Cases/Features/Admin/TC_Admin_008_Ensure Data User Updated

30-01-2024T20:42:59 - [TEST_STEP][PASSED] - callTestCase(findTestCase("Features/Admin/TC_Admin_007_Search Updated User"), [:], STOP_ON_FAILURE): Call Test Case 'Test Cases/Features/Admin/TC_Admin_007_Search Updated User' successfully

30-01-2024T20:42:59 - [TEST_CASE][PASSED] - Test Cases/Features/Admin/TC_Admin_007_Search Updated User: Test Cases/Features/Admin/TC_Admin_007_Search Updated User

30-01-2024T20:42:59 - [TEST_STEP][PASSED] - callTestCase(findTestCase("Features/Admin/TC_Admin_001_Access Admin Menu"), [:], STOP_ON_FAILURE): Call Test Case 'Test Cases/Features/Admin/TC_Admin_001_Access Admin Menu' successfully

30-01-2024T20:42:59 - [TEST_CASE][PASSED] - Test Cases/Features/Admin/TC_Admin_001_Access Admin Menu: Test Cases/Features/Admin/TC_Admin_001_Access Admin Menu

30-01-2024T20:42:59 - [TEST_STEP][PASSED] - callTestCase(findTestCase("Login/Login Valid Admin"), [:], STOP_ON_FAILURE): Call Test Case 'Test Cases/Login/Login Valid Admin' successfully

30-01-2024T20:42:59 - [TEST_CASE][PASSED] - Test Cases/Login/Login Valid Admin: Test Cases/Login/Login Valid Admin

30-01-2024T20:42:59 - [TEST_STEP][PASSED] - openBrowser(""): Browser is opened with url: ''

30-01-2024T20:42:59 - [MESSAGE][WARNING] - A browser is already opened. Closing browser and opening a new one

30-01-2024T20:43:00 - [MESSAGE][INFO] - Starting 'Firefox' driver

30-01-2024T20:43:00 - [MESSAGE][INFO] - Action delay is set to 0 milliseconds

30-01-2024T20:43:05 - [MESSAGE][PASSED] - Browser is opened with url: ''

30-01-2024T20:43:05 - [TEST_STEP][PASSED] - navigateToUrl(BASE_URL): Navigate to 'https://opensource-demo.orangehrmlive.com/web/index.php/auth/login' successfully

30-01-2024T20:43:15 - [MESSAGE][PASSED] - Navigate to 'https://opensource-demo.orangehrmlive.com/web/index.php/auth/login' successfully

30-01-2024T20:43:15 - [TEST_STEP][PASSED] - setText(findTestObject("Object Repository/Page_OrangeHRM/input_username"), G_USERNAME): Text 'Admin' is set on object 'Object Repository/Page_OrangeHRM/input_username'

30-01-2024T20:43:17 - [MESSAGE][PASSED] - Text 'Admin' is set on object 'Object Repository/Page_OrangeHRM/input_username'

30-01-2024T20:43:17 - [TEST_STEP][PASSED] - setEncryptedText(findTestObject("Object Repository/Page_OrangeHRM/input_password"), PASSWORD): Text ****** has been set on object 'Object Repository/Page_OrangeHRM/input_password'

30-01-2024T20:43:17 - [MESSAGE][PASSED] - Text ****** has been set on object 'Object Repository/Page_OrangeHRM/input_password'

30-01-2024T20:43:17 - [TEST_STEP][PASSED] - click(findTestObject("Object Repository/Page_OrangeHRM/button_Login")): Object: 'Object Repository/Page_OrangeHRM/button_Login' is clicked on

30-01-2024T20:43:19 - [MESSAGE][PASSED] - Object: 'Object Repository/Page_OrangeHRM/button_Login' is clicked on

30-01-2024T20:43:19 - [TEST_STEP][PASSED] - verifyElementVisible(findTestObject("Object Repository/Page_OrangeHRM/img_oxd-userdropdown-img")): Object 'Object Repository/Page_OrangeHRM/img_oxd-userdropdown-img' is visible

30-01-2024T20:43:22 - [MESSAGE][PASSED] - Object 'Object Repository/Page_OrangeHRM/img_oxd-userdropdown-img' is visible

30-01-2024T20:43:22 - [MESSAGE][PASSED] - Call Test Case 'Test Cases/Login/Login Valid Admin' successfully

30-01-2024T20:43:22 - [TEST_STEP][PASSED] - click(findTestObject("Object Repository/Page_OrangeHRM/a_Admin")): Object: 'Object Repository/Page_OrangeHRM/a_Admin' is clicked on

30-01-2024T20:43:24 - [MESSAGE][PASSED] - Object: 'Object Repository/Page_OrangeHRM/a_Admin' is clicked on

30-01-2024T20:43:24 - [TEST_STEP][PASSED] - verifyElementPresent(findTestObject("Object Repository/Page_OrangeHRM/h5_System Users"), 0): Object 'Object Repository/Page_OrangeHRM/h5_System Users' is present

30-01-2024T20:43:24 - [MESSAGE][WARNING] - Timeout '0' is invalid. Using default page load timeout: '30'

30-01-2024T20:43:25 - [MESSAGE][PASSED] - Object 'Object Repository/Page_OrangeHRM/h5_System Users' is present

30-01-2024T20:43:25 - [MESSAGE][PASSED] - Call Test Case 'Test Cases/Features/Admin/TC_Admin_001_Access Admin Menu' successfully

30-01-2024T20:43:25 - [TEST_STEP][PASSED] - sendKeys(findTestObject("Admin_Menu/User_Management/Users/input_Username"), USERNAME): Keys 'John Doe' sent to object: 'Object Repository/Admin_Menu/User_Management/Users/input_Username'

30-01-2024T20:43:26 - [MESSAGE][PASSED] - Keys 'John Doe' sent to object: 'Object Repository/Admin_Menu/User_Management/Users/input_Username'

30-01-2024T20:43:26 - [TEST_STEP][PASSED] - click(findTestObject("Admin_Menu/User_Management/Users/dropdown_user_role")): Object: 'Object Repository/Admin_Menu/User_Management/Users/dropdown_user_role' is clicked on

30-01-2024T20:43:27 - [MESSAGE][PASSED] - Object: 'Object Repository/Admin_Menu/User_Management/Users/dropdown_user_role' is clicked on

30-01-2024T20:43:27 - [TEST_STEP][PASSED] - click(findTestObject("Admin_Menu/User_Management/Users/span_ESS")): Object: 'Object Repository/Admin_Menu/User_Management/Users/span_ESS' is clicked on

30-01-2024T20:43:27 - [MESSAGE][PASSED] - Object: 'Object Repository/Admin_Menu/User_Management/Users/span_ESS' is clicked on

30-01-2024T20:43:27 - [TEST_STEP][PASSED] - sendKeys(findTestObject("Admin_Menu/User_Management/Users/input_Employee_Name"), EMPLOYEE_NAME): Keys 'Odis Adalwin' sent to object: 'Object Repository/Admin_Menu/User_Management/Users/input_Employee_Name'

30-01-2024T20:43:27 - [MESSAGE][PASSED] - Keys 'Odis Adalwin' sent to object: 'Object Repository/Admin_Menu/User_Management/Users/input_Employee_Name'

30-01-2024T20:43:27 - [TEST_STEP][PASSED] - verifyElementVisible(findTestObject("Admin_Menu/User_Management/Users/span_Odis  Adalwin")): Object 'Object Repository/Admin_Menu/User_Management/Users/span_Odis  Adalwin' is visible

30-01-2024T20:43:29 - [MESSAGE][PASSED] - Object 'Object Repository/Admin_Menu/User_Management/Users/span_Odis  Adalwin' is visible

30-01-2024T20:43:29 - [TEST_STEP][PASSED] - click(findTestObject("Admin_Menu/User_Management/Users/span_Odis  Adalwin")): Object: 'Object Repository/Admin_Menu/User_Management/Users/span_Odis  Adalwin' is clicked on

30-01-2024T20:43:30 - [MESSAGE][PASSED] - Object: 'Object Repository/Admin_Menu/User_Management/Users/span_Odis  Adalwin' is clicked on

30-01-2024T20:43:30 - [TEST_STEP][PASSED] - click(findTestObject("Admin_Menu/User_Management/Users/dropdown_status")): Object: 'Object Repository/Admin_Menu/User_Management/Users/dropdown_status' is clicked on

30-01-2024T20:43:30 - [MESSAGE][PASSED] - Object: 'Object Repository/Admin_Menu/User_Management/Users/dropdown_status' is clicked on

30-01-2024T20:43:30 - [TEST_STEP][PASSED] - click(findTestObject("Admin_Menu/User_Management/Users/span_Disabled")): Object: 'Object Repository/Admin_Menu/User_Management/Users/span_Disabled' is clicked on

30-01-2024T20:43:31 - [MESSAGE][PASSED] - Object: 'Object Repository/Admin_Menu/User_Management/Users/span_Disabled' is clicked on

30-01-2024T20:43:31 - [TEST_STEP][PASSED] - click(findTestObject("Admin_Menu/User_Management/Users/button_Search")): Object: 'Object Repository/Admin_Menu/User_Management/Users/button_Search' is clicked on

30-01-2024T20:43:31 - [MESSAGE][PASSED] - Object: 'Object Repository/Admin_Menu/User_Management/Users/button_Search' is clicked on

30-01-2024T20:43:31 - [MESSAGE][PASSED] - Call Test Case 'Test Cases/Features/Admin/TC_Admin_007_Search Updated User' successfully

30-01-2024T20:43:31 - [TEST_STEP][PASSED] - verifyElementPresent(findTestObject("Admin_Menu/User_Management/Users/div_John Doe"), 0): Object 'Object Repository/Admin_Menu/User_Management/Users/div_John Doe' is present

30-01-2024T20:43:31 - [MESSAGE][WARNING] - Timeout '0' is invalid. Using default page load timeout: '30'

30-01-2024T20:43:32 - [MESSAGE][PASSED] - Object 'Object Repository/Admin_Menu/User_Management/Users/div_John Doe' is present

30-01-2024T20:43:32 - [TEST_STEP][PASSED] - verifyElementPresent(findTestObject("Admin_Menu/User_Management/Users/div_ESS"), 0): Object 'Object Repository/Admin_Menu/User_Management/Users/div_ESS' is present

30-01-2024T20:43:32 - [MESSAGE][WARNING] - Timeout '0' is invalid. Using default page load timeout: '30'

30-01-2024T20:43:32 - [MESSAGE][PASSED] - Object 'Object Repository/Admin_Menu/User_Management/Users/div_ESS' is present

30-01-2024T20:43:32 - [TEST_STEP][PASSED] - verifyElementPresent(findTestObject("Admin_Menu/User_Management/Users/div_Odis Adalwin"), 0): Object 'Object Repository/Admin_Menu/User_Management/Users/div_Odis Adalwin' is present

30-01-2024T20:43:32 - [MESSAGE][WARNING] - Timeout '0' is invalid. Using default page load timeout: '30'

30-01-2024T20:43:33 - [MESSAGE][PASSED] - Object 'Object Repository/Admin_Menu/User_Management/Users/div_Odis Adalwin' is present

30-01-2024T20:43:33 - [TEST_STEP][PASSED] - verifyElementPresent(findTestObject("Admin_Menu/User_Management/Users/div_Disable"), 0): Object 'Object Repository/Admin_Menu/User_Management/Users/div_Disable' is present

30-01-2024T20:43:33 - [MESSAGE][WARNING] - Timeout '0' is invalid. Using default page load timeout: '30'

30-01-2024T20:43:33 - [MESSAGE][PASSED] - Object 'Object Repository/Admin_Menu/User_Management/Users/div_Disable' is present

30-01-2024T20:43:33 - [MESSAGE][PASSED] - Call Test Case 'Test Cases/Features/Admin/TC_Admin_008_Ensure Data User Updated' successfully

30-01-2024T20:43:33 - [TEST_STEP][PASSED] - click(findTestObject("Admin_Menu/User_Management/Users/btn_i_Enabled_oxd-icon bi-trash")): Object: 'Object Repository/Admin_Menu/User_Management/Users/btn_i_Enabled_oxd-icon bi-trash' is clicked on

30-01-2024T20:43:34 - [MESSAGE][PASSED] - Object: 'Object Repository/Admin_Menu/User_Management/Users/btn_i_Enabled_oxd-icon bi-trash' is clicked on

30-01-2024T20:43:34 - [TEST_STEP][PASSED] - verifyElementVisible(findTestObject("Admin_Menu/User_Management/Users/div_modals_delete")): Object 'Object Repository/Admin_Menu/User_Management/Users/div_modals_delete' is visible

30-01-2024T20:43:34 - [MESSAGE][PASSED] - Object 'Object Repository/Admin_Menu/User_Management/Users/div_modals_delete' is visible

30-01-2024T20:43:34 - [TEST_STEP][PASSED] - click(findTestObject("Admin_Menu/User_Management/Users/button_Yes, Delete")): Object: 'Object Repository/Admin_Menu/User_Management/Users/button_Yes, Delete' is clicked on

30-01-2024T20:44:05 - [MESSAGE][INFO] - Unable to find the element located by 'By.xpath: (//button[@type='button'])[110]'. Please recheck the objects properties to make sure the desired element is located. 

30-01-2024T20:44:05 - [MESSAGE][WARNING] - [SELF-HEALING] Failed to find element with id 'Object Repository/Admin_Menu/User_Management/Users/button_Yes, Delete'. Try using Self-healing.

30-01-2024T20:44:06 - [MESSAGE][WARNING] - [SELF-HEALING] The current locator of test object 'Object Repository/Admin_Menu/User_Management/Users/button_Yes, Delete' was broken. Propose an alternative one: '//div[@id='app']/div[3]/div/div/div/div[3]/button[2]'.

30-01-2024T20:44:06 - [MESSAGE][PASSED] - Object: 'Object Repository/Admin_Menu/User_Management/Users/button_Yes, Delete' is clicked on]]></system-out>
         <system-err><![CDATA[]]></system-err>
      </testcase>
      <testcase name="Test Cases/Features/Admin/TC_Admin_010_Ensure User Deleted" time="35.434" classname="Test Cases/Features/Admin/TC_Admin_010_Ensure User Deleted" status="PASSED">
         <system-out><![CDATA[30-01-2024T20:44:06 - [TEST_CASE][PASSED] - Test Cases/Features/Admin/TC_Admin_010_Ensure User Deleted: Test Cases/Features/Admin/TC_Admin_010_Ensure User Deleted

30-01-2024T20:44:07 - [TEST_STEP][PASSED] - callTestCase(findTestCase("Features/Admin/TC_Admin_007_Search Updated User"), [:], STOP_ON_FAILURE): Call Test Case 'Test Cases/Features/Admin/TC_Admin_007_Search Updated User' successfully

30-01-2024T20:44:07 - [TEST_CASE][PASSED] - Test Cases/Features/Admin/TC_Admin_007_Search Updated User: Test Cases/Features/Admin/TC_Admin_007_Search Updated User

30-01-2024T20:44:07 - [TEST_STEP][PASSED] - callTestCase(findTestCase("Features/Admin/TC_Admin_001_Access Admin Menu"), [:], STOP_ON_FAILURE): Call Test Case 'Test Cases/Features/Admin/TC_Admin_001_Access Admin Menu' successfully

30-01-2024T20:44:07 - [TEST_CASE][PASSED] - Test Cases/Features/Admin/TC_Admin_001_Access Admin Menu: Test Cases/Features/Admin/TC_Admin_001_Access Admin Menu

30-01-2024T20:44:07 - [TEST_STEP][PASSED] - callTestCase(findTestCase("Login/Login Valid Admin"), [:], STOP_ON_FAILURE): Call Test Case 'Test Cases/Login/Login Valid Admin' successfully

30-01-2024T20:44:07 - [TEST_CASE][PASSED] - Test Cases/Login/Login Valid Admin: Test Cases/Login/Login Valid Admin

30-01-2024T20:44:07 - [TEST_STEP][PASSED] - openBrowser(""): Browser is opened with url: ''

30-01-2024T20:44:07 - [MESSAGE][WARNING] - A browser is already opened. Closing browser and opening a new one

30-01-2024T20:44:09 - [MESSAGE][INFO] - Starting 'Firefox' driver

30-01-2024T20:44:09 - [MESSAGE][INFO] - Action delay is set to 0 milliseconds

30-01-2024T20:44:13 - [MESSAGE][PASSED] - Browser is opened with url: ''

30-01-2024T20:44:13 - [TEST_STEP][PASSED] - navigateToUrl(BASE_URL): Navigate to 'https://opensource-demo.orangehrmlive.com/web/index.php/auth/login' successfully

30-01-2024T20:44:24 - [MESSAGE][PASSED] - Navigate to 'https://opensource-demo.orangehrmlive.com/web/index.php/auth/login' successfully

30-01-2024T20:44:24 - [TEST_STEP][PASSED] - setText(findTestObject("Object Repository/Page_OrangeHRM/input_username"), G_USERNAME): Text 'Admin' is set on object 'Object Repository/Page_OrangeHRM/input_username'

30-01-2024T20:44:26 - [MESSAGE][PASSED] - Text 'Admin' is set on object 'Object Repository/Page_OrangeHRM/input_username'

30-01-2024T20:44:26 - [TEST_STEP][PASSED] - setEncryptedText(findTestObject("Object Repository/Page_OrangeHRM/input_password"), PASSWORD): Text ****** has been set on object 'Object Repository/Page_OrangeHRM/input_password'

30-01-2024T20:44:27 - [MESSAGE][PASSED] - Text ****** has been set on object 'Object Repository/Page_OrangeHRM/input_password'

30-01-2024T20:44:27 - [TEST_STEP][PASSED] - click(findTestObject("Object Repository/Page_OrangeHRM/button_Login")): Object: 'Object Repository/Page_OrangeHRM/button_Login' is clicked on

30-01-2024T20:44:29 - [MESSAGE][PASSED] - Object: 'Object Repository/Page_OrangeHRM/button_Login' is clicked on

30-01-2024T20:44:29 - [TEST_STEP][PASSED] - verifyElementVisible(findTestObject("Object Repository/Page_OrangeHRM/img_oxd-userdropdown-img")): Object 'Object Repository/Page_OrangeHRM/img_oxd-userdropdown-img' is visible

30-01-2024T20:44:31 - [MESSAGE][PASSED] - Object 'Object Repository/Page_OrangeHRM/img_oxd-userdropdown-img' is visible

30-01-2024T20:44:31 - [MESSAGE][PASSED] - Call Test Case 'Test Cases/Login/Login Valid Admin' successfully

30-01-2024T20:44:31 - [TEST_STEP][PASSED] - click(findTestObject("Object Repository/Page_OrangeHRM/a_Admin")): Object: 'Object Repository/Page_OrangeHRM/a_Admin' is clicked on

30-01-2024T20:44:33 - [MESSAGE][PASSED] - Object: 'Object Repository/Page_OrangeHRM/a_Admin' is clicked on

30-01-2024T20:44:33 - [TEST_STEP][PASSED] - verifyElementPresent(findTestObject("Object Repository/Page_OrangeHRM/h5_System Users"), 0): Object 'Object Repository/Page_OrangeHRM/h5_System Users' is present

30-01-2024T20:44:33 - [MESSAGE][WARNING] - Timeout '0' is invalid. Using default page load timeout: '30'

30-01-2024T20:44:35 - [MESSAGE][PASSED] - Object 'Object Repository/Page_OrangeHRM/h5_System Users' is present

30-01-2024T20:44:35 - [MESSAGE][PASSED] - Call Test Case 'Test Cases/Features/Admin/TC_Admin_001_Access Admin Menu' successfully

30-01-2024T20:44:35 - [TEST_STEP][PASSED] - sendKeys(findTestObject("Admin_Menu/User_Management/Users/input_Username"), USERNAME): Keys 'John Doe' sent to object: 'Object Repository/Admin_Menu/User_Management/Users/input_Username'

30-01-2024T20:44:35 - [MESSAGE][PASSED] - Keys 'John Doe' sent to object: 'Object Repository/Admin_Menu/User_Management/Users/input_Username'

30-01-2024T20:44:35 - [TEST_STEP][PASSED] - click(findTestObject("Admin_Menu/User_Management/Users/dropdown_user_role")): Object: 'Object Repository/Admin_Menu/User_Management/Users/dropdown_user_role' is clicked on

30-01-2024T20:44:36 - [MESSAGE][PASSED] - Object: 'Object Repository/Admin_Menu/User_Management/Users/dropdown_user_role' is clicked on

30-01-2024T20:44:36 - [TEST_STEP][PASSED] - click(findTestObject("Admin_Menu/User_Management/Users/span_ESS")): Object: 'Object Repository/Admin_Menu/User_Management/Users/span_ESS' is clicked on

30-01-2024T20:44:37 - [MESSAGE][PASSED] - Object: 'Object Repository/Admin_Menu/User_Management/Users/span_ESS' is clicked on

30-01-2024T20:44:37 - [TEST_STEP][PASSED] - sendKeys(findTestObject("Admin_Menu/User_Management/Users/input_Employee_Name"), EMPLOYEE_NAME): Keys 'Odis Adalwin' sent to object: 'Object Repository/Admin_Menu/User_Management/Users/input_Employee_Name'

30-01-2024T20:44:37 - [MESSAGE][PASSED] - Keys 'Odis Adalwin' sent to object: 'Object Repository/Admin_Menu/User_Management/Users/input_Employee_Name'

30-01-2024T20:44:37 - [TEST_STEP][PASSED] - verifyElementVisible(findTestObject("Admin_Menu/User_Management/Users/span_Odis  Adalwin")): Object 'Object Repository/Admin_Menu/User_Management/Users/span_Odis  Adalwin' is visible

30-01-2024T20:44:39 - [MESSAGE][PASSED] - Object 'Object Repository/Admin_Menu/User_Management/Users/span_Odis  Adalwin' is visible

30-01-2024T20:44:39 - [TEST_STEP][PASSED] - click(findTestObject("Admin_Menu/User_Management/Users/span_Odis  Adalwin")): Object: 'Object Repository/Admin_Menu/User_Management/Users/span_Odis  Adalwin' is clicked on

30-01-2024T20:44:39 - [MESSAGE][PASSED] - Object: 'Object Repository/Admin_Menu/User_Management/Users/span_Odis  Adalwin' is clicked on

30-01-2024T20:44:39 - [TEST_STEP][PASSED] - click(findTestObject("Admin_Menu/User_Management/Users/dropdown_status")): Object: 'Object Repository/Admin_Menu/User_Management/Users/dropdown_status' is clicked on

30-01-2024T20:44:40 - [MESSAGE][PASSED] - Object: 'Object Repository/Admin_Menu/User_Management/Users/dropdown_status' is clicked on

30-01-2024T20:44:40 - [TEST_STEP][PASSED] - click(findTestObject("Admin_Menu/User_Management/Users/span_Disabled")): Object: 'Object Repository/Admin_Menu/User_Management/Users/span_Disabled' is clicked on

30-01-2024T20:44:40 - [MESSAGE][PASSED] - Object: 'Object Repository/Admin_Menu/User_Management/Users/span_Disabled' is clicked on

30-01-2024T20:44:40 - [TEST_STEP][PASSED] - click(findTestObject("Admin_Menu/User_Management/Users/button_Search")): Object: 'Object Repository/Admin_Menu/User_Management/Users/button_Search' is clicked on

30-01-2024T20:44:41 - [MESSAGE][PASSED] - Object: 'Object Repository/Admin_Menu/User_Management/Users/button_Search' is clicked on

30-01-2024T20:44:41 - [MESSAGE][PASSED] - Call Test Case 'Test Cases/Features/Admin/TC_Admin_007_Search Updated User' successfully

30-01-2024T20:44:41 - [TEST_STEP][PASSED] - verifyElementVisible(findTestObject("Admin_Menu/User_Management/Users/div_InfoNo Records Found")): Object 'Object Repository/Admin_Menu/User_Management/Users/div_InfoNo Records Found' is visible

30-01-2024T20:44:42 - [MESSAGE][PASSED] - Object 'Object Repository/Admin_Menu/User_Management/Users/div_InfoNo Records Found' is visible]]></system-out>
         <system-err><![CDATA[]]></system-err>
      </testcase>
      <system-out><![CDATA[30-01-2024T20:37:06 - [TEST_SUITE][PASSED] - User Management: Test Cases/Features/Admin/TC_Admin_010_Ensure User Deleted]]></system-out>
      <system-err><![CDATA[]]></system-err>
   </testsuite>
</testsuites>
